2026-01-06 14:00:26,171 | INFO | AUDIT | login_success | {"actor": "krishnaparidwal9879@gmail.com", "role": "Admin"}
2026-01-06 16:16:59,629 | INFO | AUDIT | login_failed | {"actor": "khushi.rajput@gmail.com", "reason": "Invalid email or password."}
2026-01-06 16:18:03,476 | INFO | AUDIT | login_failed | {"actor": "khushi@gmail.com", "reason": "Invalid email or password."}
2026-01-06 16:18:05,171 | INFO | AUDIT | login_failed | {"actor": "khushi@gmail.com", "reason": "Invalid email or password."}
2026-01-06 16:18:06,060 | INFO | AUDIT | login_failed | {"actor": "khushi@gmail.com", "reason": "Invalid email or password."}
2026-01-06 16:19:28,043 | INFO | AUDIT | login_success | {"actor": "new@gmail.com", "role": "Admin"}
2026-01-06 16:33:28,593 | INFO | AUDIT | optimization_failed | {"actor": "new@gmail.com", "mode": "deterministic", "requested_solver": "cbc", "solver_used": null, "termination": "not_available"}
2026-01-06 16:33:37,462 | WARNING | Gurobi not available; falling back to CBC.
2026-01-06 16:33:37,463 | INFO | AUDIT | optimization_failed | {"actor": "new@gmail.com", "mode": "deterministic", "requested_solver": "gurobi", "solver_used": null, "termination": "not_available"}
2026-01-06 16:37:27,385 | INFO | AUDIT | login_failed | {"actor": "", "reason": "Please enter a valid email address."}
2026-01-06 16:37:58,357 | INFO | AUDIT | login_failed | {"actor": "khushi@gmail.com", "reason": "Invalid email or password."}
2026-01-06 16:38:07,420 | INFO | AUDIT | login_success | {"actor": "new@gmail.com", "role": "Admin"}
2026-01-06 16:38:22,758 | WARNING | Solver 'gurobi' not available; falling back to cbc.
2026-01-06 16:38:22,758 | WARNING | Solver 'cbc' not available; falling back to highs.
2026-01-06 16:38:22,808 | INFO | AUDIT | optimization_success | {"actor": "new@gmail.com", "mode": "deterministic", "requested_solver": "gurobi", "solver_used": "highs", "months": ["2026-01"], "runtime_seconds": 0.033172607421875}
2026-01-06 16:41:28,205 | INFO | AUDIT | logout | {"actor": "new@gmail.com", "role": "Admin"}
2026-01-06 16:42:22,005 | INFO | AUDIT | login_failed | {"actor": "abc@gmail.com", "reason": "Invalid email or password."}
2026-01-06 16:42:24,053 | INFO | AUDIT | login_failed | {"actor": "abc@gmail.com", "reason": "Invalid email or password."}
2026-01-06 16:42:29,760 | INFO | AUDIT | login_failed | {"actor": "abc@gmail.com", "reason": "Invalid email or password."}
2026-01-06 16:42:33,394 | INFO | AUDIT | login_success | {"actor": "abc@gmail.com", "role": "Planner"}
2026-01-06 16:43:33,895 | INFO | AUDIT | logout | {"actor": "abc@gmail.com", "role": "Planner"}
2026-01-06 16:44:42,875 | INFO | AUDIT | login_success | {"actor": "new1@gmail.com", "role": "Viewer"}
2026-01-06 23:31:01,385 | INFO | AUDIT | login_success | {"actor": "khichiptatik90@gmail.com", "role": "Planner"}
2026-01-08 11:20:54,992 | INFO | AUDIT | login_success | {"actor": "xyz@gmail.com", "role": "Admin"}
2026-01-08 11:20:54,992 | INFO | AUDIT | login_success | {"actor": "xyz@gmail.com", "role": "Admin"}
2026-01-08 11:20:54,992 | INFO | AUDIT | login_success | {"actor": "xyz@gmail.com", "role": "Admin"}
2026-01-08 11:20:54,992 | INFO | AUDIT | login_success | {"actor": "xyz@gmail.com", "role": "Admin"}
2026-01-08 11:20:54,992 | INFO | AUDIT | login_success | {"actor": "xyz@gmail.com", "role": "Admin"}
2026-01-08 14:07:33,911 | INFO | AUDIT | login_failed | {"actor": "zeel@gmail.com", "reason": "Invalid email or password."}
2026-01-08 14:07:47,332 | INFO | AUDIT | login_failed | {"actor": "zeel@gmail.com", "reason": "Invalid email or password."}
2026-01-08 14:07:48,673 | INFO | AUDIT | login_failed | {"actor": "zeel@gmail.com", "reason": "Invalid email or password."}
2026-01-08 14:07:52,862 | INFO | AUDIT | login_failed | {"actor": "zeel@gmail.com", "reason": "Invalid email or password."}
2026-01-08 14:07:53,693 | INFO | AUDIT | login_failed | {"actor": "zeel@gmail.com", "reason": "Invalid email or password."}
2026-01-08 14:19:54,379 | INFO | AUDIT | login_success | {"actor": "xyz123@gmail.com", "role": "Admin"}
2026-01-08 15:12:29,021 | INFO | AUDIT | login_failed | {"actor": "xyz123@gmail.com", "reason": "Invalid email or password."}
2026-01-08 15:12:37,358 | INFO | AUDIT | login_success | {"actor": "xyz123@gmail.com", "role": "Admin"}
2026-01-08 15:19:31,518 | INFO | AUDIT | optimization_failed | {"actor": "xyz123@gmail.com", "mode": "deterministic", "requested_solver": "cbc", "solver_used": "cbc", "termination": "infeasible"}
2026-01-08 15:20:08,383 | INFO | AUDIT | optimization_failed | {"actor": "xyz123@gmail.com", "mode": "deterministic", "requested_solver": "cbc", "solver_used": "cbc", "termination": "infeasible"}
2026-01-08 15:20:32,657 | INFO | AUDIT | optimization_failed | {"actor": "xyz123@gmail.com", "mode": "deterministic", "requested_solver": "cbc", "solver_used": "cbc", "termination": "infeasible"}
2026-01-08 17:02:50,429 | INFO | AUDIT | login_success | {"actor": "xyz123@gmail.com", "role": "Admin"}
2026-01-08 17:03:05,956 | INFO | AUDIT | optimization_failed | {"actor": "xyz123@gmail.com", "mode": "deterministic", "requested_solver": "cbc", "solver_used": "cbc", "termination": "infeasible"}
2026-01-08 17:11:21,634 | INFO | AUDIT | login_success | {"actor": "xyz123@gmail.com", "role": "Admin"}
2026-01-08 17:11:28,363 | INFO | AUDIT | optimization_failed | {"actor": "xyz123@gmail.com", "mode": "deterministic", "requested_solver": "cbc", "solver_used": "cbc", "termination": "infeasible"}
2026-01-08 17:21:38,705 | INFO | AUDIT | login_success | {"actor": "xyz123@gmail.com", "role": "Admin"}
2026-01-08 17:21:47,392 | INFO | AUDIT | optimization_failed | {"actor": "xyz123@gmail.com", "mode": "deterministic", "requested_solver": "cbc", "solver_used": "cbc", "termination": "infeasible"}
2026-01-08 17:22:09,982 | INFO | AUDIT | optimization_failed | {"actor": "xyz123@gmail.com", "mode": "deterministic", "requested_solver": "cbc", "solver_used": "cbc", "termination": "infeasible"}
2026-01-08 17:22:11,327 | INFO | AUDIT | optimization_failed | {"actor": "xyz123@gmail.com", "mode": "deterministic", "requested_solver": "cbc", "solver_used": "cbc", "termination": "infeasible"}
2026-01-08 17:22:11,563 | INFO | AUDIT | optimization_failed | {"actor": "xyz123@gmail.com", "mode": "deterministic", "requested_solver": "cbc", "solver_used": "cbc", "termination": "infeasible"}
2026-01-08 17:22:21,978 | INFO | AUDIT | optimization_failed | {"actor": "xyz123@gmail.com", "mode": "deterministic", "requested_solver": "cbc", "solver_used": "cbc", "termination": "infeasible"}
2026-01-08 17:27:32,563 | INFO | AUDIT | optimization_failed | {"actor": "xyz123@gmail.com", "mode": "deterministic", "requested_solver": "cbc", "solver_used": "cbc", "termination": "infeasible"}
2026-01-08 17:27:33,459 | INFO | AUDIT | optimization_failed | {"actor": "xyz123@gmail.com", "mode": "deterministic", "requested_solver": "cbc", "solver_used": "cbc", "termination": "infeasible"}
2026-01-08 17:30:50,970 | INFO | AUDIT | login_success | {"actor": "xyz123@gmail.com", "role": "Admin"}
2026-01-08 18:29:56,083 | INFO | AUDIT | login_success | {"actor": "xyz123@gmail.com", "role": "Admin"}
2026-01-08 18:30:15,478 | ERROR | Page error: Run Optimization | context={}
Traceback (most recent call last):
  File "C:\Users\zeelk\OneDrive\Desktop\Adani\hack-clink\auth-system\backend\core\error_handler.py", line 33, in _wrapper
    return fn(*args, **kwargs)
  File "C:\Users\zeelk\OneDrive\Desktop\Adani\hack-clink\auth-system\ui\optimization_run.py", line 184, in render_optimization_run
    results = parse_results(model, plant_names=data.plant_names)
  File "C:\Users\zeelk\OneDrive\Desktop\Adani\hack-clink\auth-system\backend\optimization\result_parser.py", line 103, in parse_results
    hold_cost = sum(_safe_value(model.Inv[p, t]) * _safe_value(model.HoldCost[p]) for p in model.P for t in model.T)
  File "C:\Users\zeelk\OneDrive\Desktop\Adani\hack-clink\auth-system\backend\optimization\result_parser.py", line 103, in <genexpr>
    hold_cost = sum(_safe_value(model.Inv[p, t]) * _safe_value(model.HoldCost[p]) for p in model.P for t in model.T)
                                                               ^^^^^^^^^^^^^^
  File "C:\Users\zeelk\OneDrive\Desktop\Adani\hack-clink\auth-system\.venv\Lib\site-packages\pyomo\core\base\block.py", line 552, in __getattr__
    raise AttributeError(
        "'%s' object has no attribute '%s'" % (self.__class__.__name__, val)
    )
AttributeError: 'ConcreteModel' object has no attribute 'HoldCost'. Did you mean: 'ProdCost'?
2026-01-08 18:30:16,335 | ERROR | Page error: Run Optimization | context={}
Traceback (most recent call last):
  File "C:\Users\zeelk\OneDrive\Desktop\Adani\hack-clink\auth-system\backend\core\error_handler.py", line 33, in _wrapper
    return fn(*args, **kwargs)
  File "C:\Users\zeelk\OneDrive\Desktop\Adani\hack-clink\auth-system\ui\optimization_run.py", line 184, in render_optimization_run
    results = parse_results(model, plant_names=data.plant_names)
  File "C:\Users\zeelk\OneDrive\Desktop\Adani\hack-clink\auth-system\backend\optimization\result_parser.py", line 103, in parse_results
    hold_cost = sum(_safe_value(model.Inv[p, t]) * _safe_value(model.HoldCost[p]) for p in model.P for t in model.T)
  File "C:\Users\zeelk\OneDrive\Desktop\Adani\hack-clink\auth-system\backend\optimization\result_parser.py", line 103, in <genexpr>
    hold_cost = sum(_safe_value(model.Inv[p, t]) * _safe_value(model.HoldCost[p]) for p in model.P for t in model.T)
                                                               ^^^^^^^^^^^^^^
  File "C:\Users\zeelk\OneDrive\Desktop\Adani\hack-clink\auth-system\.venv\Lib\site-packages\pyomo\core\base\block.py", line 552, in __getattr__
    raise AttributeError(
        "'%s' object has no attribute '%s'" % (self.__class__.__name__, val)
    )
AttributeError: 'ConcreteModel' object has no attribute 'HoldCost'. Did you mean: 'ProdCost'?
2026-01-08 18:30:20,258 | ERROR | Page error: Run Optimization | context={}
Traceback (most recent call last):
  File "C:\Users\zeelk\OneDrive\Desktop\Adani\hack-clink\auth-system\backend\core\error_handler.py", line 33, in _wrapper
    return fn(*args, **kwargs)
  File "C:\Users\zeelk\OneDrive\Desktop\Adani\hack-clink\auth-system\ui\optimization_run.py", line 184, in render_optimization_run
    results = parse_results(model, plant_names=data.plant_names)
  File "C:\Users\zeelk\OneDrive\Desktop\Adani\hack-clink\auth-system\backend\optimization\result_parser.py", line 103, in parse_results
    hold_cost = sum(_safe_value(model.Inv[p, t]) * _safe_value(model.HoldCost[p]) for p in model.P for t in model.T)
  File "C:\Users\zeelk\OneDrive\Desktop\Adani\hack-clink\auth-system\backend\optimization\result_parser.py", line 103, in <genexpr>
    hold_cost = sum(_safe_value(model.Inv[p, t]) * _safe_value(model.HoldCost[p]) for p in model.P for t in model.T)
                                                               ^^^^^^^^^^^^^^
  File "C:\Users\zeelk\OneDrive\Desktop\Adani\hack-clink\auth-system\.venv\Lib\site-packages\pyomo\core\base\block.py", line 552, in __getattr__
    raise AttributeError(
        "'%s' object has no attribute '%s'" % (self.__class__.__name__, val)
    )
AttributeError: 'ConcreteModel' object has no attribute 'HoldCost'. Did you mean: 'ProdCost'?
2026-01-08 18:30:20,733 | ERROR | Page error: Run Optimization | context={}
Traceback (most recent call last):
  File "C:\Users\zeelk\OneDrive\Desktop\Adani\hack-clink\auth-system\backend\core\error_handler.py", line 33, in _wrapper
    return fn(*args, **kwargs)
  File "C:\Users\zeelk\OneDrive\Desktop\Adani\hack-clink\auth-system\ui\optimization_run.py", line 184, in render_optimization_run
    results = parse_results(model, plant_names=data.plant_names)
  File "C:\Users\zeelk\OneDrive\Desktop\Adani\hack-clink\auth-system\backend\optimization\result_parser.py", line 103, in parse_results
    hold_cost = sum(_safe_value(model.Inv[p, t]) * _safe_value(model.HoldCost[p]) for p in model.P for t in model.T)
  File "C:\Users\zeelk\OneDrive\Desktop\Adani\hack-clink\auth-system\backend\optimization\result_parser.py", line 103, in <genexpr>
    hold_cost = sum(_safe_value(model.Inv[p, t]) * _safe_value(model.HoldCost[p]) for p in model.P for t in model.T)
                                                               ^^^^^^^^^^^^^^
  File "C:\Users\zeelk\OneDrive\Desktop\Adani\hack-clink\auth-system\.venv\Lib\site-packages\pyomo\core\base\block.py", line 552, in __getattr__
    raise AttributeError(
        "'%s' object has no attribute '%s'" % (self.__class__.__name__, val)
    )
AttributeError: 'ConcreteModel' object has no attribute 'HoldCost'. Did you mean: 'ProdCost'?
2026-01-08 18:30:50,212 | ERROR | Page error: Run Optimization | context={}
Traceback (most recent call last):
  File "C:\Users\zeelk\OneDrive\Desktop\Adani\hack-clink\auth-system\backend\core\error_handler.py", line 33, in _wrapper
    return fn(*args, **kwargs)
  File "C:\Users\zeelk\OneDrive\Desktop\Adani\hack-clink\auth-system\ui\optimization_run.py", line 184, in render_optimization_run
    results = parse_results(model, plant_names=data.plant_names)
  File "C:\Users\zeelk\OneDrive\Desktop\Adani\hack-clink\auth-system\backend\optimization\result_parser.py", line 103, in parse_results
    hold_cost = sum(_safe_value(model.Inv[p, t]) * _safe_value(model.HoldCost[p]) for p in model.P for t in model.T)
  File "C:\Users\zeelk\OneDrive\Desktop\Adani\hack-clink\auth-system\backend\optimization\result_parser.py", line 103, in <genexpr>
    hold_cost = sum(_safe_value(model.Inv[p, t]) * _safe_value(model.HoldCost[p]) for p in model.P for t in model.T)
                                                               ^^^^^^^^^^^^^^
  File "C:\Users\zeelk\OneDrive\Desktop\Adani\hack-clink\auth-system\.venv\Lib\site-packages\pyomo\core\base\block.py", line 552, in __getattr__
    raise AttributeError(
        "'%s' object has no attribute '%s'" % (self.__class__.__name__, val)
    )
AttributeError: 'ConcreteModel' object has no attribute 'HoldCost'. Did you mean: 'ProdCost'?
2026-01-08 18:30:50,747 | ERROR | Page error: Run Optimization | context={}
Traceback (most recent call last):
  File "C:\Users\zeelk\OneDrive\Desktop\Adani\hack-clink\auth-system\backend\core\error_handler.py", line 33, in _wrapper
    return fn(*args, **kwargs)
  File "C:\Users\zeelk\OneDrive\Desktop\Adani\hack-clink\auth-system\ui\optimization_run.py", line 184, in render_optimization_run
    results = parse_results(model, plant_names=data.plant_names)
  File "C:\Users\zeelk\OneDrive\Desktop\Adani\hack-clink\auth-system\backend\optimization\result_parser.py", line 103, in parse_results
    hold_cost = sum(_safe_value(model.Inv[p, t]) * _safe_value(model.HoldCost[p]) for p in model.P for t in model.T)
  File "C:\Users\zeelk\OneDrive\Desktop\Adani\hack-clink\auth-system\backend\optimization\result_parser.py", line 103, in <genexpr>
    hold_cost = sum(_safe_value(model.Inv[p, t]) * _safe_value(model.HoldCost[p]) for p in model.P for t in model.T)
                                                               ^^^^^^^^^^^^^^
  File "C:\Users\zeelk\OneDrive\Desktop\Adani\hack-clink\auth-system\.venv\Lib\site-packages\pyomo\core\base\block.py", line 552, in __getattr__
    raise AttributeError(
        "'%s' object has no attribute '%s'" % (self.__class__.__name__, val)
    )
AttributeError: 'ConcreteModel' object has no attribute 'HoldCost'. Did you mean: 'ProdCost'?
2026-01-08 18:30:50,999 | ERROR | Page error: Run Optimization | context={}
Traceback (most recent call last):
  File "C:\Users\zeelk\OneDrive\Desktop\Adani\hack-clink\auth-system\backend\core\error_handler.py", line 33, in _wrapper
    return fn(*args, **kwargs)
  File "C:\Users\zeelk\OneDrive\Desktop\Adani\hack-clink\auth-system\ui\optimization_run.py", line 184, in render_optimization_run
    results = parse_results(model, plant_names=data.plant_names)
  File "C:\Users\zeelk\OneDrive\Desktop\Adani\hack-clink\auth-system\backend\optimization\result_parser.py", line 103, in parse_results
    hold_cost = sum(_safe_value(model.Inv[p, t]) * _safe_value(model.HoldCost[p]) for p in model.P for t in model.T)
  File "C:\Users\zeelk\OneDrive\Desktop\Adani\hack-clink\auth-system\backend\optimization\result_parser.py", line 103, in <genexpr>
    hold_cost = sum(_safe_value(model.Inv[p, t]) * _safe_value(model.HoldCost[p]) for p in model.P for t in model.T)
                                                               ^^^^^^^^^^^^^^
  File "C:\Users\zeelk\OneDrive\Desktop\Adani\hack-clink\auth-system\.venv\Lib\site-packages\pyomo\core\base\block.py", line 552, in __getattr__
    raise AttributeError(
        "'%s' object has no attribute '%s'" % (self.__class__.__name__, val)
    )
AttributeError: 'ConcreteModel' object has no attribute 'HoldCost'. Did you mean: 'ProdCost'?
2026-01-08 18:30:51,271 | ERROR | Page error: Run Optimization | context={}
Traceback (most recent call last):
  File "C:\Users\zeelk\OneDrive\Desktop\Adani\hack-clink\auth-system\backend\core\error_handler.py", line 33, in _wrapper
    return fn(*args, **kwargs)
  File "C:\Users\zeelk\OneDrive\Desktop\Adani\hack-clink\auth-system\ui\optimization_run.py", line 184, in render_optimization_run
    results = parse_results(model, plant_names=data.plant_names)
  File "C:\Users\zeelk\OneDrive\Desktop\Adani\hack-clink\auth-system\backend\optimization\result_parser.py", line 103, in parse_results
    hold_cost = sum(_safe_value(model.Inv[p, t]) * _safe_value(model.HoldCost[p]) for p in model.P for t in model.T)
  File "C:\Users\zeelk\OneDrive\Desktop\Adani\hack-clink\auth-system\backend\optimization\result_parser.py", line 103, in <genexpr>
    hold_cost = sum(_safe_value(model.Inv[p, t]) * _safe_value(model.HoldCost[p]) for p in model.P for t in model.T)
                                                               ^^^^^^^^^^^^^^
  File "C:\Users\zeelk\OneDrive\Desktop\Adani\hack-clink\auth-system\.venv\Lib\site-packages\pyomo\core\base\block.py", line 552, in __getattr__
    raise AttributeError(
        "'%s' object has no attribute '%s'" % (self.__class__.__name__, val)
    )
AttributeError: 'ConcreteModel' object has no attribute 'HoldCost'. Did you mean: 'ProdCost'?
2026-01-08 18:30:51,515 | ERROR | Page error: Run Optimization | context={}
Traceback (most recent call last):
  File "C:\Users\zeelk\OneDrive\Desktop\Adani\hack-clink\auth-system\backend\core\error_handler.py", line 33, in _wrapper
    return fn(*args, **kwargs)
  File "C:\Users\zeelk\OneDrive\Desktop\Adani\hack-clink\auth-system\ui\optimization_run.py", line 184, in render_optimization_run
    results = parse_results(model, plant_names=data.plant_names)
  File "C:\Users\zeelk\OneDrive\Desktop\Adani\hack-clink\auth-system\backend\optimization\result_parser.py", line 103, in parse_results
    hold_cost = sum(_safe_value(model.Inv[p, t]) * _safe_value(model.HoldCost[p]) for p in model.P for t in model.T)
  File "C:\Users\zeelk\OneDrive\Desktop\Adani\hack-clink\auth-system\backend\optimization\result_parser.py", line 103, in <genexpr>
    hold_cost = sum(_safe_value(model.Inv[p, t]) * _safe_value(model.HoldCost[p]) for p in model.P for t in model.T)
                                                               ^^^^^^^^^^^^^^
  File "C:\Users\zeelk\OneDrive\Desktop\Adani\hack-clink\auth-system\.venv\Lib\site-packages\pyomo\core\base\block.py", line 552, in __getattr__
    raise AttributeError(
        "'%s' object has no attribute '%s'" % (self.__class__.__name__, val)
    )
AttributeError: 'ConcreteModel' object has no attribute 'HoldCost'. Did you mean: 'ProdCost'?
2026-01-08 18:30:51,752 | ERROR | Page error: Run Optimization | context={}
Traceback (most recent call last):
  File "C:\Users\zeelk\OneDrive\Desktop\Adani\hack-clink\auth-system\backend\core\error_handler.py", line 33, in _wrapper
    return fn(*args, **kwargs)
  File "C:\Users\zeelk\OneDrive\Desktop\Adani\hack-clink\auth-system\ui\optimization_run.py", line 184, in render_optimization_run
    results = parse_results(model, plant_names=data.plant_names)
  File "C:\Users\zeelk\OneDrive\Desktop\Adani\hack-clink\auth-system\backend\optimization\result_parser.py", line 103, in parse_results
    hold_cost = sum(_safe_value(model.Inv[p, t]) * _safe_value(model.HoldCost[p]) for p in model.P for t in model.T)
  File "C:\Users\zeelk\OneDrive\Desktop\Adani\hack-clink\auth-system\backend\optimization\result_parser.py", line 103, in <genexpr>
    hold_cost = sum(_safe_value(model.Inv[p, t]) * _safe_value(model.HoldCost[p]) for p in model.P for t in model.T)
                                                               ^^^^^^^^^^^^^^
  File "C:\Users\zeelk\OneDrive\Desktop\Adani\hack-clink\auth-system\.venv\Lib\site-packages\pyomo\core\base\block.py", line 552, in __getattr__
    raise AttributeError(
        "'%s' object has no attribute '%s'" % (self.__class__.__name__, val)
    )
AttributeError: 'ConcreteModel' object has no attribute 'HoldCost'. Did you mean: 'ProdCost'?
2026-01-08 18:30:52,001 | ERROR | Page error: Run Optimization | context={}
Traceback (most recent call last):
  File "C:\Users\zeelk\OneDrive\Desktop\Adani\hack-clink\auth-system\backend\core\error_handler.py", line 33, in _wrapper
    return fn(*args, **kwargs)
  File "C:\Users\zeelk\OneDrive\Desktop\Adani\hack-clink\auth-system\ui\optimization_run.py", line 184, in render_optimization_run
    results = parse_results(model, plant_names=data.plant_names)
  File "C:\Users\zeelk\OneDrive\Desktop\Adani\hack-clink\auth-system\backend\optimization\result_parser.py", line 103, in parse_results
    hold_cost = sum(_safe_value(model.Inv[p, t]) * _safe_value(model.HoldCost[p]) for p in model.P for t in model.T)
  File "C:\Users\zeelk\OneDrive\Desktop\Adani\hack-clink\auth-system\backend\optimization\result_parser.py", line 103, in <genexpr>
    hold_cost = sum(_safe_value(model.Inv[p, t]) * _safe_value(model.HoldCost[p]) for p in model.P for t in model.T)
                                                               ^^^^^^^^^^^^^^
  File "C:\Users\zeelk\OneDrive\Desktop\Adani\hack-clink\auth-system\.venv\Lib\site-packages\pyomo\core\base\block.py", line 552, in __getattr__
    raise AttributeError(
        "'%s' object has no attribute '%s'" % (self.__class__.__name__, val)
    )
AttributeError: 'ConcreteModel' object has no attribute 'HoldCost'. Did you mean: 'ProdCost'?
2026-01-08 18:30:52,265 | ERROR | Page error: Run Optimization | context={}
Traceback (most recent call last):
  File "C:\Users\zeelk\OneDrive\Desktop\Adani\hack-clink\auth-system\backend\core\error_handler.py", line 33, in _wrapper
    return fn(*args, **kwargs)
  File "C:\Users\zeelk\OneDrive\Desktop\Adani\hack-clink\auth-system\ui\optimization_run.py", line 184, in render_optimization_run
    results = parse_results(model, plant_names=data.plant_names)
  File "C:\Users\zeelk\OneDrive\Desktop\Adani\hack-clink\auth-system\backend\optimization\result_parser.py", line 103, in parse_results
    hold_cost = sum(_safe_value(model.Inv[p, t]) * _safe_value(model.HoldCost[p]) for p in model.P for t in model.T)
  File "C:\Users\zeelk\OneDrive\Desktop\Adani\hack-clink\auth-system\backend\optimization\result_parser.py", line 103, in <genexpr>
    hold_cost = sum(_safe_value(model.Inv[p, t]) * _safe_value(model.HoldCost[p]) for p in model.P for t in model.T)
                                                               ^^^^^^^^^^^^^^
  File "C:\Users\zeelk\OneDrive\Desktop\Adani\hack-clink\auth-system\.venv\Lib\site-packages\pyomo\core\base\block.py", line 552, in __getattr__
    raise AttributeError(
        "'%s' object has no attribute '%s'" % (self.__class__.__name__, val)
    )
AttributeError: 'ConcreteModel' object has no attribute 'HoldCost'. Did you mean: 'ProdCost'?
2026-01-08 18:30:52,514 | ERROR | Page error: Run Optimization | context={}
Traceback (most recent call last):
  File "C:\Users\zeelk\OneDrive\Desktop\Adani\hack-clink\auth-system\backend\core\error_handler.py", line 33, in _wrapper
    return fn(*args, **kwargs)
  File "C:\Users\zeelk\OneDrive\Desktop\Adani\hack-clink\auth-system\ui\optimization_run.py", line 184, in render_optimization_run
    results = parse_results(model, plant_names=data.plant_names)
  File "C:\Users\zeelk\OneDrive\Desktop\Adani\hack-clink\auth-system\backend\optimization\result_parser.py", line 103, in parse_results
    hold_cost = sum(_safe_value(model.Inv[p, t]) * _safe_value(model.HoldCost[p]) for p in model.P for t in model.T)
  File "C:\Users\zeelk\OneDrive\Desktop\Adani\hack-clink\auth-system\backend\optimization\result_parser.py", line 103, in <genexpr>
    hold_cost = sum(_safe_value(model.Inv[p, t]) * _safe_value(model.HoldCost[p]) for p in model.P for t in model.T)
                                                               ^^^^^^^^^^^^^^
  File "C:\Users\zeelk\OneDrive\Desktop\Adani\hack-clink\auth-system\.venv\Lib\site-packages\pyomo\core\base\block.py", line 552, in __getattr__
    raise AttributeError(
        "'%s' object has no attribute '%s'" % (self.__class__.__name__, val)
    )
AttributeError: 'ConcreteModel' object has no attribute 'HoldCost'. Did you mean: 'ProdCost'?
2026-01-08 18:31:35,136 | ERROR | Page error: Run Optimization | context={}
Traceback (most recent call last):
  File "C:\Users\zeelk\OneDrive\Desktop\Adani\hack-clink\auth-system\backend\core\error_handler.py", line 33, in _wrapper
    return fn(*args, **kwargs)
  File "C:\Users\zeelk\OneDrive\Desktop\Adani\hack-clink\auth-system\ui\optimization_run.py", line 184, in render_optimization_run
    results = parse_results(model, plant_names=data.plant_names)
  File "C:\Users\zeelk\OneDrive\Desktop\Adani\hack-clink\auth-system\backend\optimization\result_parser.py", line 103, in parse_results
    hold_cost = sum(_safe_value(model.Inv[p, t]) * _safe_value(model.HoldCost[p]) for p in model.P for t in model.T)
  File "C:\Users\zeelk\OneDrive\Desktop\Adani\hack-clink\auth-system\backend\optimization\result_parser.py", line 103, in <genexpr>
    hold_cost = sum(_safe_value(model.Inv[p, t]) * _safe_value(model.HoldCost[p]) for p in model.P for t in model.T)
                                                               ^^^^^^^^^^^^^^
  File "C:\Users\zeelk\OneDrive\Desktop\Adani\hack-clink\auth-system\.venv\Lib\site-packages\pyomo\core\base\block.py", line 552, in __getattr__
    raise AttributeError(
        "'%s' object has no attribute '%s'" % (self.__class__.__name__, val)
    )
AttributeError: 'ConcreteModel' object has no attribute 'HoldCost'. Did you mean: 'ProdCost'?
2026-01-08 18:31:35,835 | ERROR | Page error: Run Optimization | context={}
Traceback (most recent call last):
  File "C:\Users\zeelk\OneDrive\Desktop\Adani\hack-clink\auth-system\backend\core\error_handler.py", line 33, in _wrapper
    return fn(*args, **kwargs)
  File "C:\Users\zeelk\OneDrive\Desktop\Adani\hack-clink\auth-system\ui\optimization_run.py", line 184, in render_optimization_run
    results = parse_results(model, plant_names=data.plant_names)
  File "C:\Users\zeelk\OneDrive\Desktop\Adani\hack-clink\auth-system\backend\optimization\result_parser.py", line 103, in parse_results
    hold_cost = sum(_safe_value(model.Inv[p, t]) * _safe_value(model.HoldCost[p]) for p in model.P for t in model.T)
  File "C:\Users\zeelk\OneDrive\Desktop\Adani\hack-clink\auth-system\backend\optimization\result_parser.py", line 103, in <genexpr>
    hold_cost = sum(_safe_value(model.Inv[p, t]) * _safe_value(model.HoldCost[p]) for p in model.P for t in model.T)
                                                               ^^^^^^^^^^^^^^
  File "C:\Users\zeelk\OneDrive\Desktop\Adani\hack-clink\auth-system\.venv\Lib\site-packages\pyomo\core\base\block.py", line 552, in __getattr__
    raise AttributeError(
        "'%s' object has no attribute '%s'" % (self.__class__.__name__, val)
    )
AttributeError: 'ConcreteModel' object has no attribute 'HoldCost'. Did you mean: 'ProdCost'?
2026-01-08 18:31:37,011 | ERROR | Page error: Run Optimization | context={}
Traceback (most recent call last):
  File "C:\Users\zeelk\OneDrive\Desktop\Adani\hack-clink\auth-system\backend\core\error_handler.py", line 33, in _wrapper
    return fn(*args, **kwargs)
  File "C:\Users\zeelk\OneDrive\Desktop\Adani\hack-clink\auth-system\ui\optimization_run.py", line 184, in render_optimization_run
    results = parse_results(model, plant_names=data.plant_names)
  File "C:\Users\zeelk\OneDrive\Desktop\Adani\hack-clink\auth-system\backend\optimization\result_parser.py", line 103, in parse_results
    hold_cost = sum(_safe_value(model.Inv[p, t]) * _safe_value(model.HoldCost[p]) for p in model.P for t in model.T)
  File "C:\Users\zeelk\OneDrive\Desktop\Adani\hack-clink\auth-system\backend\optimization\result_parser.py", line 103, in <genexpr>
    hold_cost = sum(_safe_value(model.Inv[p, t]) * _safe_value(model.HoldCost[p]) for p in model.P for t in model.T)
                                                               ^^^^^^^^^^^^^^
  File "C:\Users\zeelk\OneDrive\Desktop\Adani\hack-clink\auth-system\.venv\Lib\site-packages\pyomo\core\base\block.py", line 552, in __getattr__
    raise AttributeError(
        "'%s' object has no attribute '%s'" % (self.__class__.__name__, val)
    )
AttributeError: 'ConcreteModel' object has no attribute 'HoldCost'. Did you mean: 'ProdCost'?
2026-01-08 21:25:42,758 | INFO | AUDIT | login_success | {"actor": "xyz123@gmail.com", "role": "Admin"}
2026-01-08 21:26:03,084 | ERROR | Page error: Run Optimization | context={}
Traceback (most recent call last):
  File "C:\Users\zeelk\OneDrive\Desktop\Adani\hack-clink\auth-system\backend\core\error_handler.py", line 33, in _wrapper
    return fn(*args, **kwargs)
  File "C:\Users\zeelk\OneDrive\Desktop\Adani\hack-clink\auth-system\ui\optimization_run.py", line 184, in render_optimization_run
    results = parse_results(model, plant_names=data.plant_names)
  File "C:\Users\zeelk\OneDrive\Desktop\Adani\hack-clink\auth-system\backend\optimization\result_parser.py", line 103, in parse_results
    hold_cost = sum(_safe_value(model.Inv[p, t]) * _safe_value(model.HoldCost[p]) for p in model.P for t in model.T)
  File "C:\Users\zeelk\OneDrive\Desktop\Adani\hack-clink\auth-system\backend\optimization\result_parser.py", line 103, in <genexpr>
    hold_cost = sum(_safe_value(model.Inv[p, t]) * _safe_value(model.HoldCost[p]) for p in model.P for t in model.T)
                                                               ^^^^^^^^^^^^^^
  File "C:\Users\zeelk\OneDrive\Desktop\Adani\hack-clink\auth-system\.venv\Lib\site-packages\pyomo\core\base\block.py", line 552, in __getattr__
    raise AttributeError(
        "'%s' object has no attribute '%s'" % (self.__class__.__name__, val)
    )
AttributeError: 'ConcreteModel' object has no attribute 'HoldCost'. Did you mean: 'ProdCost'?
2026-01-08 21:26:08,442 | ERROR | Page error: Run Optimization | context={}
Traceback (most recent call last):
  File "C:\Users\zeelk\OneDrive\Desktop\Adani\hack-clink\auth-system\backend\core\error_handler.py", line 33, in _wrapper
    return fn(*args, **kwargs)
  File "C:\Users\zeelk\OneDrive\Desktop\Adani\hack-clink\auth-system\ui\optimization_run.py", line 184, in render_optimization_run
    results = parse_results(model, plant_names=data.plant_names)
  File "C:\Users\zeelk\OneDrive\Desktop\Adani\hack-clink\auth-system\backend\optimization\result_parser.py", line 103, in parse_results
    hold_cost = sum(_safe_value(model.Inv[p, t]) * _safe_value(model.HoldCost[p]) for p in model.P for t in model.T)
  File "C:\Users\zeelk\OneDrive\Desktop\Adani\hack-clink\auth-system\backend\optimization\result_parser.py", line 103, in <genexpr>
    hold_cost = sum(_safe_value(model.Inv[p, t]) * _safe_value(model.HoldCost[p]) for p in model.P for t in model.T)
                                                               ^^^^^^^^^^^^^^
  File "C:\Users\zeelk\OneDrive\Desktop\Adani\hack-clink\auth-system\.venv\Lib\site-packages\pyomo\core\base\block.py", line 552, in __getattr__
    raise AttributeError(
        "'%s' object has no attribute '%s'" % (self.__class__.__name__, val)
    )
AttributeError: 'ConcreteModel' object has no attribute 'HoldCost'. Did you mean: 'ProdCost'?
2026-01-08 21:26:09,185 | ERROR | Page error: Run Optimization | context={}
Traceback (most recent call last):
  File "C:\Users\zeelk\OneDrive\Desktop\Adani\hack-clink\auth-system\backend\core\error_handler.py", line 33, in _wrapper
    return fn(*args, **kwargs)
  File "C:\Users\zeelk\OneDrive\Desktop\Adani\hack-clink\auth-system\ui\optimization_run.py", line 184, in render_optimization_run
    results = parse_results(model, plant_names=data.plant_names)
  File "C:\Users\zeelk\OneDrive\Desktop\Adani\hack-clink\auth-system\backend\optimization\result_parser.py", line 103, in parse_results
    hold_cost = sum(_safe_value(model.Inv[p, t]) * _safe_value(model.HoldCost[p]) for p in model.P for t in model.T)
  File "C:\Users\zeelk\OneDrive\Desktop\Adani\hack-clink\auth-system\backend\optimization\result_parser.py", line 103, in <genexpr>
    hold_cost = sum(_safe_value(model.Inv[p, t]) * _safe_value(model.HoldCost[p]) for p in model.P for t in model.T)
                                                               ^^^^^^^^^^^^^^
  File "C:\Users\zeelk\OneDrive\Desktop\Adani\hack-clink\auth-system\.venv\Lib\site-packages\pyomo\core\base\block.py", line 552, in __getattr__
    raise AttributeError(
        "'%s' object has no attribute '%s'" % (self.__class__.__name__, val)
    )
AttributeError: 'ConcreteModel' object has no attribute 'HoldCost'. Did you mean: 'ProdCost'?
2026-01-08 21:26:10,276 | ERROR | Page error: Run Optimization | context={}
Traceback (most recent call last):
  File "C:\Users\zeelk\OneDrive\Desktop\Adani\hack-clink\auth-system\backend\core\error_handler.py", line 33, in _wrapper
    return fn(*args, **kwargs)
  File "C:\Users\zeelk\OneDrive\Desktop\Adani\hack-clink\auth-system\ui\optimization_run.py", line 184, in render_optimization_run
    results = parse_results(model, plant_names=data.plant_names)
  File "C:\Users\zeelk\OneDrive\Desktop\Adani\hack-clink\auth-system\backend\optimization\result_parser.py", line 103, in parse_results
    hold_cost = sum(_safe_value(model.Inv[p, t]) * _safe_value(model.HoldCost[p]) for p in model.P for t in model.T)
  File "C:\Users\zeelk\OneDrive\Desktop\Adani\hack-clink\auth-system\backend\optimization\result_parser.py", line 103, in <genexpr>
    hold_cost = sum(_safe_value(model.Inv[p, t]) * _safe_value(model.HoldCost[p]) for p in model.P for t in model.T)
                                                               ^^^^^^^^^^^^^^
  File "C:\Users\zeelk\OneDrive\Desktop\Adani\hack-clink\auth-system\.venv\Lib\site-packages\pyomo\core\base\block.py", line 552, in __getattr__
    raise AttributeError(
        "'%s' object has no attribute '%s'" % (self.__class__.__name__, val)
    )
AttributeError: 'ConcreteModel' object has no attribute 'HoldCost'. Did you mean: 'ProdCost'?
2026-01-08 21:26:49,747 | ERROR | Page error: Run Optimization | context={}
Traceback (most recent call last):
  File "C:\Users\zeelk\OneDrive\Desktop\Adani\hack-clink\auth-system\backend\core\error_handler.py", line 33, in _wrapper
    return fn(*args, **kwargs)
  File "C:\Users\zeelk\OneDrive\Desktop\Adani\hack-clink\auth-system\ui\optimization_run.py", line 184, in render_optimization_run
    results = parse_results(model, plant_names=data.plant_names)
  File "C:\Users\zeelk\OneDrive\Desktop\Adani\hack-clink\auth-system\backend\optimization\result_parser.py", line 103, in parse_results
    hold_cost = sum(_safe_value(model.Inv[p, t]) * _safe_value(model.HoldCost[p]) for p in model.P for t in model.T)
  File "C:\Users\zeelk\OneDrive\Desktop\Adani\hack-clink\auth-system\backend\optimization\result_parser.py", line 103, in <genexpr>
    hold_cost = sum(_safe_value(model.Inv[p, t]) * _safe_value(model.HoldCost[p]) for p in model.P for t in model.T)
                                                               ^^^^^^^^^^^^^^
  File "C:\Users\zeelk\OneDrive\Desktop\Adani\hack-clink\auth-system\.venv\Lib\site-packages\pyomo\core\base\block.py", line 552, in __getattr__
    raise AttributeError(
        "'%s' object has no attribute '%s'" % (self.__class__.__name__, val)
    )
AttributeError: 'ConcreteModel' object has no attribute 'HoldCost'. Did you mean: 'ProdCost'?
2026-01-08 21:26:58,905 | ERROR | Page error: Run Optimization | context={}
Traceback (most recent call last):
  File "C:\Users\zeelk\OneDrive\Desktop\Adani\hack-clink\auth-system\backend\core\error_handler.py", line 33, in _wrapper
    return fn(*args, **kwargs)
  File "C:\Users\zeelk\OneDrive\Desktop\Adani\hack-clink\auth-system\ui\optimization_run.py", line 184, in render_optimization_run
    results = parse_results(model, plant_names=data.plant_names)
  File "C:\Users\zeelk\OneDrive\Desktop\Adani\hack-clink\auth-system\backend\optimization\result_parser.py", line 103, in parse_results
    hold_cost = sum(_safe_value(model.Inv[p, t]) * _safe_value(model.HoldCost[p]) for p in model.P for t in model.T)
  File "C:\Users\zeelk\OneDrive\Desktop\Adani\hack-clink\auth-system\backend\optimization\result_parser.py", line 103, in <genexpr>
    hold_cost = sum(_safe_value(model.Inv[p, t]) * _safe_value(model.HoldCost[p]) for p in model.P for t in model.T)
                                                               ^^^^^^^^^^^^^^
  File "C:\Users\zeelk\OneDrive\Desktop\Adani\hack-clink\auth-system\.venv\Lib\site-packages\pyomo\core\base\block.py", line 552, in __getattr__
    raise AttributeError(
        "'%s' object has no attribute '%s'" % (self.__class__.__name__, val)
    )
AttributeError: 'ConcreteModel' object has no attribute 'HoldCost'. Did you mean: 'ProdCost'?
2026-01-08 21:26:59,241 | ERROR | Page error: Run Optimization | context={}
Traceback (most recent call last):
  File "C:\Users\zeelk\OneDrive\Desktop\Adani\hack-clink\auth-system\backend\core\error_handler.py", line 33, in _wrapper
    return fn(*args, **kwargs)
  File "C:\Users\zeelk\OneDrive\Desktop\Adani\hack-clink\auth-system\ui\optimization_run.py", line 184, in render_optimization_run
    results = parse_results(model, plant_names=data.plant_names)
  File "C:\Users\zeelk\OneDrive\Desktop\Adani\hack-clink\auth-system\backend\optimization\result_parser.py", line 103, in parse_results
    hold_cost = sum(_safe_value(model.Inv[p, t]) * _safe_value(model.HoldCost[p]) for p in model.P for t in model.T)
  File "C:\Users\zeelk\OneDrive\Desktop\Adani\hack-clink\auth-system\backend\optimization\result_parser.py", line 103, in <genexpr>
    hold_cost = sum(_safe_value(model.Inv[p, t]) * _safe_value(model.HoldCost[p]) for p in model.P for t in model.T)
                                                               ^^^^^^^^^^^^^^
  File "C:\Users\zeelk\OneDrive\Desktop\Adani\hack-clink\auth-system\.venv\Lib\site-packages\pyomo\core\base\block.py", line 552, in __getattr__
    raise AttributeError(
        "'%s' object has no attribute '%s'" % (self.__class__.__name__, val)
    )
AttributeError: 'ConcreteModel' object has no attribute 'HoldCost'. Did you mean: 'ProdCost'?
2026-01-08 21:26:59,491 | ERROR | Page error: Run Optimization | context={}
Traceback (most recent call last):
  File "C:\Users\zeelk\OneDrive\Desktop\Adani\hack-clink\auth-system\backend\core\error_handler.py", line 33, in _wrapper
    return fn(*args, **kwargs)
  File "C:\Users\zeelk\OneDrive\Desktop\Adani\hack-clink\auth-system\ui\optimization_run.py", line 184, in render_optimization_run
    results = parse_results(model, plant_names=data.plant_names)
  File "C:\Users\zeelk\OneDrive\Desktop\Adani\hack-clink\auth-system\backend\optimization\result_parser.py", line 103, in parse_results
    hold_cost = sum(_safe_value(model.Inv[p, t]) * _safe_value(model.HoldCost[p]) for p in model.P for t in model.T)
  File "C:\Users\zeelk\OneDrive\Desktop\Adani\hack-clink\auth-system\backend\optimization\result_parser.py", line 103, in <genexpr>
    hold_cost = sum(_safe_value(model.Inv[p, t]) * _safe_value(model.HoldCost[p]) for p in model.P for t in model.T)
                                                               ^^^^^^^^^^^^^^
  File "C:\Users\zeelk\OneDrive\Desktop\Adani\hack-clink\auth-system\.venv\Lib\site-packages\pyomo\core\base\block.py", line 552, in __getattr__
    raise AttributeError(
        "'%s' object has no attribute '%s'" % (self.__class__.__name__, val)
    )
AttributeError: 'ConcreteModel' object has no attribute 'HoldCost'. Did you mean: 'ProdCost'?
2026-01-08 21:31:20,678 | INFO | AUDIT | login_failed | {"actor": "xyz123@gmail.com", "reason": "Invalid email or password."}
2026-01-08 21:31:54,950 | INFO | AUDIT | login_success | {"actor": "xyz123@gmail.com", "role": "Admin"}
2026-01-08 21:32:16,727 | ERROR | Page error: Run Optimization | context={}
Traceback (most recent call last):
  File "C:\Users\zeelk\OneDrive\Desktop\Adani\hack-clink\auth-system\backend\core\error_handler.py", line 33, in _wrapper
    return fn(*args, **kwargs)
  File "C:\Users\zeelk\OneDrive\Desktop\Adani\hack-clink\auth-system\ui\optimization_run.py", line 184, in render_optimization_run
    results = parse_results(model, plant_names=data.plant_names)
  File "C:\Users\zeelk\OneDrive\Desktop\Adani\hack-clink\auth-system\backend\optimization\result_parser.py", line 103, in parse_results
    hold_cost = sum(_safe_value(model.Inv[p, t]) * _safe_value(model.HoldCost[p]) for p in model.P for t in model.T)
  File "C:\Users\zeelk\OneDrive\Desktop\Adani\hack-clink\auth-system\backend\optimization\result_parser.py", line 103, in <genexpr>
    hold_cost = sum(_safe_value(model.Inv[p, t]) * _safe_value(model.HoldCost[p]) for p in model.P for t in model.T)
                                                               ^^^^^^^^^^^^^^
  File "C:\Users\zeelk\OneDrive\Desktop\Adani\hack-clink\auth-system\.venv\Lib\site-packages\pyomo\core\base\block.py", line 552, in __getattr__
    raise AttributeError(
        "'%s' object has no attribute '%s'" % (self.__class__.__name__, val)
    )
AttributeError: 'ConcreteModel' object has no attribute 'HoldCost'. Did you mean: 'ProdCost'?
2026-01-08 21:33:04,126 | ERROR | Page error: Run Optimization | context={}
Traceback (most recent call last):
  File "C:\Users\zeelk\OneDrive\Desktop\Adani\hack-clink\auth-system\backend\core\error_handler.py", line 33, in _wrapper
    return fn(*args, **kwargs)
  File "C:\Users\zeelk\OneDrive\Desktop\Adani\hack-clink\auth-system\ui\optimization_run.py", line 184, in render_optimization_run
    results = parse_results(model, plant_names=data.plant_names)
  File "C:\Users\zeelk\OneDrive\Desktop\Adani\hack-clink\auth-system\backend\optimization\result_parser.py", line 103, in parse_results
    hold_cost = sum(_safe_value(model.Inv[p, t]) * _safe_value(model.HoldCost[p]) for p in model.P for t in model.T)
  File "C:\Users\zeelk\OneDrive\Desktop\Adani\hack-clink\auth-system\backend\optimization\result_parser.py", line 103, in <genexpr>
    hold_cost = sum(_safe_value(model.Inv[p, t]) * _safe_value(model.HoldCost[p]) for p in model.P for t in model.T)
                                                               ^^^^^^^^^^^^^^
  File "C:\Users\zeelk\OneDrive\Desktop\Adani\hack-clink\auth-system\.venv\Lib\site-packages\pyomo\core\base\block.py", line 552, in __getattr__
    raise AttributeError(
        "'%s' object has no attribute '%s'" % (self.__class__.__name__, val)
    )
AttributeError: 'ConcreteModel' object has no attribute 'HoldCost'. Did you mean: 'ProdCost'?
2026-01-08 21:33:05,411 | ERROR | Page error: Run Optimization | context={}
Traceback (most recent call last):
  File "C:\Users\zeelk\OneDrive\Desktop\Adani\hack-clink\auth-system\backend\core\error_handler.py", line 33, in _wrapper
    return fn(*args, **kwargs)
  File "C:\Users\zeelk\OneDrive\Desktop\Adani\hack-clink\auth-system\ui\optimization_run.py", line 184, in render_optimization_run
    results = parse_results(model, plant_names=data.plant_names)
  File "C:\Users\zeelk\OneDrive\Desktop\Adani\hack-clink\auth-system\backend\optimization\result_parser.py", line 103, in parse_results
    hold_cost = sum(_safe_value(model.Inv[p, t]) * _safe_value(model.HoldCost[p]) for p in model.P for t in model.T)
  File "C:\Users\zeelk\OneDrive\Desktop\Adani\hack-clink\auth-system\backend\optimization\result_parser.py", line 103, in <genexpr>
    hold_cost = sum(_safe_value(model.Inv[p, t]) * _safe_value(model.HoldCost[p]) for p in model.P for t in model.T)
                                                               ^^^^^^^^^^^^^^
  File "C:\Users\zeelk\OneDrive\Desktop\Adani\hack-clink\auth-system\.venv\Lib\site-packages\pyomo\core\base\block.py", line 552, in __getattr__
    raise AttributeError(
        "'%s' object has no attribute '%s'" % (self.__class__.__name__, val)
    )
AttributeError: 'ConcreteModel' object has no attribute 'HoldCost'. Did you mean: 'ProdCost'?
2026-01-08 21:33:06,205 | ERROR | Page error: Run Optimization | context={}
Traceback (most recent call last):
  File "C:\Users\zeelk\OneDrive\Desktop\Adani\hack-clink\auth-system\backend\core\error_handler.py", line 33, in _wrapper
    return fn(*args, **kwargs)
  File "C:\Users\zeelk\OneDrive\Desktop\Adani\hack-clink\auth-system\ui\optimization_run.py", line 184, in render_optimization_run
    results = parse_results(model, plant_names=data.plant_names)
  File "C:\Users\zeelk\OneDrive\Desktop\Adani\hack-clink\auth-system\backend\optimization\result_parser.py", line 103, in parse_results
    hold_cost = sum(_safe_value(model.Inv[p, t]) * _safe_value(model.HoldCost[p]) for p in model.P for t in model.T)
  File "C:\Users\zeelk\OneDrive\Desktop\Adani\hack-clink\auth-system\backend\optimization\result_parser.py", line 103, in <genexpr>
    hold_cost = sum(_safe_value(model.Inv[p, t]) * _safe_value(model.HoldCost[p]) for p in model.P for t in model.T)
                                                               ^^^^^^^^^^^^^^
  File "C:\Users\zeelk\OneDrive\Desktop\Adani\hack-clink\auth-system\.venv\Lib\site-packages\pyomo\core\base\block.py", line 552, in __getattr__
    raise AttributeError(
        "'%s' object has no attribute '%s'" % (self.__class__.__name__, val)
    )
AttributeError: 'ConcreteModel' object has no attribute 'HoldCost'. Did you mean: 'ProdCost'?
2026-01-08 21:33:17,735 | ERROR | Page error: Run Optimization | context={}
Traceback (most recent call last):
  File "C:\Users\zeelk\OneDrive\Desktop\Adani\hack-clink\auth-system\backend\core\error_handler.py", line 33, in _wrapper
    return fn(*args, **kwargs)
  File "C:\Users\zeelk\OneDrive\Desktop\Adani\hack-clink\auth-system\ui\optimization_run.py", line 184, in render_optimization_run
    results = parse_results(model, plant_names=data.plant_names)
  File "C:\Users\zeelk\OneDrive\Desktop\Adani\hack-clink\auth-system\backend\optimization\result_parser.py", line 103, in parse_results
    hold_cost = sum(_safe_value(model.Inv[p, t]) * _safe_value(model.HoldCost[p]) for p in model.P for t in model.T)
  File "C:\Users\zeelk\OneDrive\Desktop\Adani\hack-clink\auth-system\backend\optimization\result_parser.py", line 103, in <genexpr>
    hold_cost = sum(_safe_value(model.Inv[p, t]) * _safe_value(model.HoldCost[p]) for p in model.P for t in model.T)
                                                               ^^^^^^^^^^^^^^
  File "C:\Users\zeelk\OneDrive\Desktop\Adani\hack-clink\auth-system\.venv\Lib\site-packages\pyomo\core\base\block.py", line 552, in __getattr__
    raise AttributeError(
        "'%s' object has no attribute '%s'" % (self.__class__.__name__, val)
    )
AttributeError: 'ConcreteModel' object has no attribute 'HoldCost'. Did you mean: 'ProdCost'?
2026-01-08 21:33:18,145 | ERROR | Page error: Run Optimization | context={}
Traceback (most recent call last):
  File "C:\Users\zeelk\OneDrive\Desktop\Adani\hack-clink\auth-system\backend\core\error_handler.py", line 33, in _wrapper
    return fn(*args, **kwargs)
  File "C:\Users\zeelk\OneDrive\Desktop\Adani\hack-clink\auth-system\ui\optimization_run.py", line 184, in render_optimization_run
    results = parse_results(model, plant_names=data.plant_names)
  File "C:\Users\zeelk\OneDrive\Desktop\Adani\hack-clink\auth-system\backend\optimization\result_parser.py", line 103, in parse_results
    hold_cost = sum(_safe_value(model.Inv[p, t]) * _safe_value(model.HoldCost[p]) for p in model.P for t in model.T)
  File "C:\Users\zeelk\OneDrive\Desktop\Adani\hack-clink\auth-system\backend\optimization\result_parser.py", line 103, in <genexpr>
    hold_cost = sum(_safe_value(model.Inv[p, t]) * _safe_value(model.HoldCost[p]) for p in model.P for t in model.T)
                                                               ^^^^^^^^^^^^^^
  File "C:\Users\zeelk\OneDrive\Desktop\Adani\hack-clink\auth-system\.venv\Lib\site-packages\pyomo\core\base\block.py", line 552, in __getattr__
    raise AttributeError(
        "'%s' object has no attribute '%s'" % (self.__class__.__name__, val)
    )
AttributeError: 'ConcreteModel' object has no attribute 'HoldCost'. Did you mean: 'ProdCost'?
2026-01-08 21:33:35,866 | INFO | AUDIT | login_success | {"actor": "xyz123@gmail.com", "role": "Admin"}
2026-01-08 21:33:44,981 | ERROR | Page error: Run Optimization | context={}
Traceback (most recent call last):
  File "C:\Users\zeelk\OneDrive\Desktop\Adani\hack-clink\auth-system\backend\core\error_handler.py", line 33, in _wrapper
    return fn(*args, **kwargs)
  File "C:\Users\zeelk\OneDrive\Desktop\Adani\hack-clink\auth-system\ui\optimization_run.py", line 184, in render_optimization_run
    results = parse_results(model, plant_names=data.plant_names)
  File "C:\Users\zeelk\OneDrive\Desktop\Adani\hack-clink\auth-system\backend\optimization\result_parser.py", line 103, in parse_results
    hold_cost = sum(_safe_value(model.Inv[p, t]) * _safe_value(model.HoldCost[p]) for p in model.P for t in model.T)
  File "C:\Users\zeelk\OneDrive\Desktop\Adani\hack-clink\auth-system\backend\optimization\result_parser.py", line 103, in <genexpr>
    hold_cost = sum(_safe_value(model.Inv[p, t]) * _safe_value(model.HoldCost[p]) for p in model.P for t in model.T)
                                                               ^^^^^^^^^^^^^^
  File "C:\Users\zeelk\OneDrive\Desktop\Adani\hack-clink\auth-system\.venv\Lib\site-packages\pyomo\core\base\block.py", line 552, in __getattr__
    raise AttributeError(
        "'%s' object has no attribute '%s'" % (self.__class__.__name__, val)
    )
AttributeError: 'ConcreteModel' object has no attribute 'HoldCost'. Did you mean: 'ProdCost'?
2026-01-08 21:33:51,519 | ERROR | Page error: Run Optimization | context={}
Traceback (most recent call last):
  File "C:\Users\zeelk\OneDrive\Desktop\Adani\hack-clink\auth-system\backend\core\error_handler.py", line 33, in _wrapper
    return fn(*args, **kwargs)
  File "C:\Users\zeelk\OneDrive\Desktop\Adani\hack-clink\auth-system\ui\optimization_run.py", line 184, in render_optimization_run
    results = parse_results(model, plant_names=data.plant_names)
  File "C:\Users\zeelk\OneDrive\Desktop\Adani\hack-clink\auth-system\backend\optimization\result_parser.py", line 103, in parse_results
    hold_cost = sum(_safe_value(model.Inv[p, t]) * _safe_value(model.HoldCost[p]) for p in model.P for t in model.T)
  File "C:\Users\zeelk\OneDrive\Desktop\Adani\hack-clink\auth-system\backend\optimization\result_parser.py", line 103, in <genexpr>
    hold_cost = sum(_safe_value(model.Inv[p, t]) * _safe_value(model.HoldCost[p]) for p in model.P for t in model.T)
                                                               ^^^^^^^^^^^^^^
  File "C:\Users\zeelk\OneDrive\Desktop\Adani\hack-clink\auth-system\.venv\Lib\site-packages\pyomo\core\base\block.py", line 552, in __getattr__
    raise AttributeError(
        "'%s' object has no attribute '%s'" % (self.__class__.__name__, val)
    )
AttributeError: 'ConcreteModel' object has no attribute 'HoldCost'. Did you mean: 'ProdCost'?
2026-01-08 21:33:52,090 | ERROR | Page error: Run Optimization | context={}
Traceback (most recent call last):
  File "C:\Users\zeelk\OneDrive\Desktop\Adani\hack-clink\auth-system\backend\core\error_handler.py", line 33, in _wrapper
    return fn(*args, **kwargs)
  File "C:\Users\zeelk\OneDrive\Desktop\Adani\hack-clink\auth-system\ui\optimization_run.py", line 184, in render_optimization_run
    results = parse_results(model, plant_names=data.plant_names)
  File "C:\Users\zeelk\OneDrive\Desktop\Adani\hack-clink\auth-system\backend\optimization\result_parser.py", line 103, in parse_results
    hold_cost = sum(_safe_value(model.Inv[p, t]) * _safe_value(model.HoldCost[p]) for p in model.P for t in model.T)
  File "C:\Users\zeelk\OneDrive\Desktop\Adani\hack-clink\auth-system\backend\optimization\result_parser.py", line 103, in <genexpr>
    hold_cost = sum(_safe_value(model.Inv[p, t]) * _safe_value(model.HoldCost[p]) for p in model.P for t in model.T)
                                                               ^^^^^^^^^^^^^^
  File "C:\Users\zeelk\OneDrive\Desktop\Adani\hack-clink\auth-system\.venv\Lib\site-packages\pyomo\core\base\block.py", line 552, in __getattr__
    raise AttributeError(
        "'%s' object has no attribute '%s'" % (self.__class__.__name__, val)
    )
AttributeError: 'ConcreteModel' object has no attribute 'HoldCost'. Did you mean: 'ProdCost'?
2026-01-08 21:34:07,901 | ERROR | Page error: Run Optimization | context={}
Traceback (most recent call last):
  File "C:\Users\zeelk\OneDrive\Desktop\Adani\hack-clink\auth-system\backend\core\error_handler.py", line 33, in _wrapper
    return fn(*args, **kwargs)
  File "C:\Users\zeelk\OneDrive\Desktop\Adani\hack-clink\auth-system\ui\optimization_run.py", line 184, in render_optimization_run
    results = parse_results(model, plant_names=data.plant_names)
  File "C:\Users\zeelk\OneDrive\Desktop\Adani\hack-clink\auth-system\backend\optimization\result_parser.py", line 103, in parse_results
    hold_cost = sum(_safe_value(model.Inv[p, t]) * _safe_value(model.HoldCost[p]) for p in model.P for t in model.T)
  File "C:\Users\zeelk\OneDrive\Desktop\Adani\hack-clink\auth-system\backend\optimization\result_parser.py", line 103, in <genexpr>
    hold_cost = sum(_safe_value(model.Inv[p, t]) * _safe_value(model.HoldCost[p]) for p in model.P for t in model.T)
                                                               ^^^^^^^^^^^^^^
  File "C:\Users\zeelk\OneDrive\Desktop\Adani\hack-clink\auth-system\.venv\Lib\site-packages\pyomo\core\base\block.py", line 552, in __getattr__
    raise AttributeError(
        "'%s' object has no attribute '%s'" % (self.__class__.__name__, val)
    )
AttributeError: 'ConcreteModel' object has no attribute 'HoldCost'. Did you mean: 'ProdCost'?
2026-01-08 21:34:08,775 | ERROR | Page error: Run Optimization | context={}
Traceback (most recent call last):
  File "C:\Users\zeelk\OneDrive\Desktop\Adani\hack-clink\auth-system\backend\core\error_handler.py", line 33, in _wrapper
    return fn(*args, **kwargs)
  File "C:\Users\zeelk\OneDrive\Desktop\Adani\hack-clink\auth-system\ui\optimization_run.py", line 184, in render_optimization_run
    results = parse_results(model, plant_names=data.plant_names)
  File "C:\Users\zeelk\OneDrive\Desktop\Adani\hack-clink\auth-system\backend\optimization\result_parser.py", line 103, in parse_results
    hold_cost = sum(_safe_value(model.Inv[p, t]) * _safe_value(model.HoldCost[p]) for p in model.P for t in model.T)
  File "C:\Users\zeelk\OneDrive\Desktop\Adani\hack-clink\auth-system\backend\optimization\result_parser.py", line 103, in <genexpr>
    hold_cost = sum(_safe_value(model.Inv[p, t]) * _safe_value(model.HoldCost[p]) for p in model.P for t in model.T)
                                                               ^^^^^^^^^^^^^^
  File "C:\Users\zeelk\OneDrive\Desktop\Adani\hack-clink\auth-system\.venv\Lib\site-packages\pyomo\core\base\block.py", line 552, in __getattr__
    raise AttributeError(
        "'%s' object has no attribute '%s'" % (self.__class__.__name__, val)
    )
AttributeError: 'ConcreteModel' object has no attribute 'HoldCost'. Did you mean: 'ProdCost'?
2026-01-08 21:34:09,343 | ERROR | Page error: Run Optimization | context={}
Traceback (most recent call last):
  File "C:\Users\zeelk\OneDrive\Desktop\Adani\hack-clink\auth-system\backend\core\error_handler.py", line 33, in _wrapper
    return fn(*args, **kwargs)
  File "C:\Users\zeelk\OneDrive\Desktop\Adani\hack-clink\auth-system\ui\optimization_run.py", line 184, in render_optimization_run
    results = parse_results(model, plant_names=data.plant_names)
  File "C:\Users\zeelk\OneDrive\Desktop\Adani\hack-clink\auth-system\backend\optimization\result_parser.py", line 103, in parse_results
    hold_cost = sum(_safe_value(model.Inv[p, t]) * _safe_value(model.HoldCost[p]) for p in model.P for t in model.T)
  File "C:\Users\zeelk\OneDrive\Desktop\Adani\hack-clink\auth-system\backend\optimization\result_parser.py", line 103, in <genexpr>
    hold_cost = sum(_safe_value(model.Inv[p, t]) * _safe_value(model.HoldCost[p]) for p in model.P for t in model.T)
                                                               ^^^^^^^^^^^^^^
  File "C:\Users\zeelk\OneDrive\Desktop\Adani\hack-clink\auth-system\.venv\Lib\site-packages\pyomo\core\base\block.py", line 552, in __getattr__
    raise AttributeError(
        "'%s' object has no attribute '%s'" % (self.__class__.__name__, val)
    )
AttributeError: 'ConcreteModel' object has no attribute 'HoldCost'. Did you mean: 'ProdCost'?
2026-01-08 21:34:10,283 | ERROR | Page error: Run Optimization | context={}
Traceback (most recent call last):
  File "C:\Users\zeelk\OneDrive\Desktop\Adani\hack-clink\auth-system\backend\core\error_handler.py", line 33, in _wrapper
    return fn(*args, **kwargs)
  File "C:\Users\zeelk\OneDrive\Desktop\Adani\hack-clink\auth-system\ui\optimization_run.py", line 184, in render_optimization_run
    results = parse_results(model, plant_names=data.plant_names)
  File "C:\Users\zeelk\OneDrive\Desktop\Adani\hack-clink\auth-system\backend\optimization\result_parser.py", line 103, in parse_results
    hold_cost = sum(_safe_value(model.Inv[p, t]) * _safe_value(model.HoldCost[p]) for p in model.P for t in model.T)
  File "C:\Users\zeelk\OneDrive\Desktop\Adani\hack-clink\auth-system\backend\optimization\result_parser.py", line 103, in <genexpr>
    hold_cost = sum(_safe_value(model.Inv[p, t]) * _safe_value(model.HoldCost[p]) for p in model.P for t in model.T)
                                                               ^^^^^^^^^^^^^^
  File "C:\Users\zeelk\OneDrive\Desktop\Adani\hack-clink\auth-system\.venv\Lib\site-packages\pyomo\core\base\block.py", line 552, in __getattr__
    raise AttributeError(
        "'%s' object has no attribute '%s'" % (self.__class__.__name__, val)
    )
AttributeError: 'ConcreteModel' object has no attribute 'HoldCost'. Did you mean: 'ProdCost'?
2026-01-08 21:41:47,990 | INFO | AUDIT | login_success | {"actor": "xyz123@gmail.com", "role": "Admin"}
2026-01-08 21:41:54,030 | ERROR | Page error: Run Optimization | context={}
Traceback (most recent call last):
  File "C:\Users\zeelk\OneDrive\Desktop\Adani\hack-clink\auth-system\backend\core\error_handler.py", line 33, in _wrapper
    return fn(*args, **kwargs)
  File "C:\Users\zeelk\OneDrive\Desktop\Adani\hack-clink\auth-system\ui\optimization_run.py", line 191, in render_optimization_run
    inv_df["safety_stock"] = inv_df["plant_id"].map(lambda pid: float(data.safety_stock.get(pid, 0.0)))
                             ~~~~~~~~~~~~~~~~~~~~~~^^^^^^^^^^^^^^^^^^^^^^^^^^^^^^^^^^^^^^^^^^^^^^^^^^^^
  File "C:\Users\zeelk\OneDrive\Desktop\Adani\hack-clink\auth-system\.venv\Lib\site-packages\pandas\core\series.py", line 4719, in map
    new_values = self._map_values(arg, na_action=na_action)
  File "C:\Users\zeelk\OneDrive\Desktop\Adani\hack-clink\auth-system\.venv\Lib\site-packages\pandas\core\base.py", line 925, in _map_values
    return algorithms.map_array(arr, mapper, na_action=na_action, convert=convert)
           ~~~~~~~~~~~~~~~~~~~~^^^^^^^^^^^^^^^^^^^^^^^^^^^^^^^^^^^^^^^^^^^^^^^^^^^
  File "C:\Users\zeelk\OneDrive\Desktop\Adani\hack-clink\auth-system\.venv\Lib\site-packages\pandas\core\algorithms.py", line 1743, in map_array
    return lib.map_infer(values, mapper, convert=convert)
           ~~~~~~~~~~~~~^^^^^^^^^^^^^^^^^^^^^^^^^^^^^^^^^
  File "pandas/_libs/lib.pyx", line 2999, in pandas._libs.lib.map_infer
  File "C:\Users\zeelk\OneDrive\Desktop\Adani\hack-clink\auth-system\ui\optimization_run.py", line 191, in <lambda>
    inv_df["safety_stock"] = inv_df["plant_id"].map(lambda pid: float(data.safety_stock.get(pid, 0.0)))
                                                                      ^^^^^^^^^^^^^^^^^
AttributeError: 'SimpleFeasibleData' object has no attribute 'safety_stock'
2026-01-08 21:41:57,186 | ERROR | Page error: Run Optimization | context={}
Traceback (most recent call last):
  File "C:\Users\zeelk\OneDrive\Desktop\Adani\hack-clink\auth-system\backend\core\error_handler.py", line 33, in _wrapper
    return fn(*args, **kwargs)
  File "C:\Users\zeelk\OneDrive\Desktop\Adani\hack-clink\auth-system\ui\optimization_run.py", line 191, in render_optimization_run
    inv_df["safety_stock"] = inv_df["plant_id"].map(lambda pid: float(data.safety_stock.get(pid, 0.0)))
                             ~~~~~~~~~~~~~~~~~~~~~~^^^^^^^^^^^^^^^^^^^^^^^^^^^^^^^^^^^^^^^^^^^^^^^^^^^^
  File "C:\Users\zeelk\OneDrive\Desktop\Adani\hack-clink\auth-system\.venv\Lib\site-packages\pandas\core\series.py", line 4719, in map
    new_values = self._map_values(arg, na_action=na_action)
  File "C:\Users\zeelk\OneDrive\Desktop\Adani\hack-clink\auth-system\.venv\Lib\site-packages\pandas\core\base.py", line 925, in _map_values
    return algorithms.map_array(arr, mapper, na_action=na_action, convert=convert)
           ~~~~~~~~~~~~~~~~~~~~^^^^^^^^^^^^^^^^^^^^^^^^^^^^^^^^^^^^^^^^^^^^^^^^^^^
  File "C:\Users\zeelk\OneDrive\Desktop\Adani\hack-clink\auth-system\.venv\Lib\site-packages\pandas\core\algorithms.py", line 1743, in map_array
    return lib.map_infer(values, mapper, convert=convert)
           ~~~~~~~~~~~~~^^^^^^^^^^^^^^^^^^^^^^^^^^^^^^^^^
  File "pandas/_libs/lib.pyx", line 2999, in pandas._libs.lib.map_infer
  File "C:\Users\zeelk\OneDrive\Desktop\Adani\hack-clink\auth-system\ui\optimization_run.py", line 191, in <lambda>
    inv_df["safety_stock"] = inv_df["plant_id"].map(lambda pid: float(data.safety_stock.get(pid, 0.0)))
                                                                      ^^^^^^^^^^^^^^^^^
AttributeError: 'SimpleFeasibleData' object has no attribute 'safety_stock'
2026-01-08 21:41:58,210 | ERROR | Page error: Run Optimization | context={}
Traceback (most recent call last):
  File "C:\Users\zeelk\OneDrive\Desktop\Adani\hack-clink\auth-system\backend\core\error_handler.py", line 33, in _wrapper
    return fn(*args, **kwargs)
  File "C:\Users\zeelk\OneDrive\Desktop\Adani\hack-clink\auth-system\ui\optimization_run.py", line 191, in render_optimization_run
    inv_df["safety_stock"] = inv_df["plant_id"].map(lambda pid: float(data.safety_stock.get(pid, 0.0)))
                             ~~~~~~~~~~~~~~~~~~~~~~^^^^^^^^^^^^^^^^^^^^^^^^^^^^^^^^^^^^^^^^^^^^^^^^^^^^
  File "C:\Users\zeelk\OneDrive\Desktop\Adani\hack-clink\auth-system\.venv\Lib\site-packages\pandas\core\series.py", line 4719, in map
    new_values = self._map_values(arg, na_action=na_action)
  File "C:\Users\zeelk\OneDrive\Desktop\Adani\hack-clink\auth-system\.venv\Lib\site-packages\pandas\core\base.py", line 925, in _map_values
    return algorithms.map_array(arr, mapper, na_action=na_action, convert=convert)
           ~~~~~~~~~~~~~~~~~~~~^^^^^^^^^^^^^^^^^^^^^^^^^^^^^^^^^^^^^^^^^^^^^^^^^^^
  File "C:\Users\zeelk\OneDrive\Desktop\Adani\hack-clink\auth-system\.venv\Lib\site-packages\pandas\core\algorithms.py", line 1743, in map_array
    return lib.map_infer(values, mapper, convert=convert)
           ~~~~~~~~~~~~~^^^^^^^^^^^^^^^^^^^^^^^^^^^^^^^^^
  File "pandas/_libs/lib.pyx", line 2999, in pandas._libs.lib.map_infer
  File "C:\Users\zeelk\OneDrive\Desktop\Adani\hack-clink\auth-system\ui\optimization_run.py", line 191, in <lambda>
    inv_df["safety_stock"] = inv_df["plant_id"].map(lambda pid: float(data.safety_stock.get(pid, 0.0)))
                                                                      ^^^^^^^^^^^^^^^^^
AttributeError: 'SimpleFeasibleData' object has no attribute 'safety_stock'
2026-01-08 21:42:03,611 | ERROR | Page error: Run Optimization | context={}
Traceback (most recent call last):
  File "C:\Users\zeelk\OneDrive\Desktop\Adani\hack-clink\auth-system\backend\core\error_handler.py", line 33, in _wrapper
    return fn(*args, **kwargs)
  File "C:\Users\zeelk\OneDrive\Desktop\Adani\hack-clink\auth-system\ui\optimization_run.py", line 191, in render_optimization_run
    inv_df["safety_stock"] = inv_df["plant_id"].map(lambda pid: float(data.safety_stock.get(pid, 0.0)))
                             ~~~~~~~~~~~~~~~~~~~~~~^^^^^^^^^^^^^^^^^^^^^^^^^^^^^^^^^^^^^^^^^^^^^^^^^^^^
  File "C:\Users\zeelk\OneDrive\Desktop\Adani\hack-clink\auth-system\.venv\Lib\site-packages\pandas\core\series.py", line 4719, in map
    new_values = self._map_values(arg, na_action=na_action)
  File "C:\Users\zeelk\OneDrive\Desktop\Adani\hack-clink\auth-system\.venv\Lib\site-packages\pandas\core\base.py", line 925, in _map_values
    return algorithms.map_array(arr, mapper, na_action=na_action, convert=convert)
           ~~~~~~~~~~~~~~~~~~~~^^^^^^^^^^^^^^^^^^^^^^^^^^^^^^^^^^^^^^^^^^^^^^^^^^^
  File "C:\Users\zeelk\OneDrive\Desktop\Adani\hack-clink\auth-system\.venv\Lib\site-packages\pandas\core\algorithms.py", line 1743, in map_array
    return lib.map_infer(values, mapper, convert=convert)
           ~~~~~~~~~~~~~^^^^^^^^^^^^^^^^^^^^^^^^^^^^^^^^^
  File "pandas/_libs/lib.pyx", line 2999, in pandas._libs.lib.map_infer
  File "C:\Users\zeelk\OneDrive\Desktop\Adani\hack-clink\auth-system\ui\optimization_run.py", line 191, in <lambda>
    inv_df["safety_stock"] = inv_df["plant_id"].map(lambda pid: float(data.safety_stock.get(pid, 0.0)))
                                                                      ^^^^^^^^^^^^^^^^^
AttributeError: 'SimpleFeasibleData' object has no attribute 'safety_stock'
2026-01-08 21:42:04,298 | ERROR | Page error: Run Optimization | context={}
Traceback (most recent call last):
  File "C:\Users\zeelk\OneDrive\Desktop\Adani\hack-clink\auth-system\backend\core\error_handler.py", line 33, in _wrapper
    return fn(*args, **kwargs)
  File "C:\Users\zeelk\OneDrive\Desktop\Adani\hack-clink\auth-system\ui\optimization_run.py", line 191, in render_optimization_run
    inv_df["safety_stock"] = inv_df["plant_id"].map(lambda pid: float(data.safety_stock.get(pid, 0.0)))
                             ~~~~~~~~~~~~~~~~~~~~~~^^^^^^^^^^^^^^^^^^^^^^^^^^^^^^^^^^^^^^^^^^^^^^^^^^^^
  File "C:\Users\zeelk\OneDrive\Desktop\Adani\hack-clink\auth-system\.venv\Lib\site-packages\pandas\core\series.py", line 4719, in map
    new_values = self._map_values(arg, na_action=na_action)
  File "C:\Users\zeelk\OneDrive\Desktop\Adani\hack-clink\auth-system\.venv\Lib\site-packages\pandas\core\base.py", line 925, in _map_values
    return algorithms.map_array(arr, mapper, na_action=na_action, convert=convert)
           ~~~~~~~~~~~~~~~~~~~~^^^^^^^^^^^^^^^^^^^^^^^^^^^^^^^^^^^^^^^^^^^^^^^^^^^
  File "C:\Users\zeelk\OneDrive\Desktop\Adani\hack-clink\auth-system\.venv\Lib\site-packages\pandas\core\algorithms.py", line 1743, in map_array
    return lib.map_infer(values, mapper, convert=convert)
           ~~~~~~~~~~~~~^^^^^^^^^^^^^^^^^^^^^^^^^^^^^^^^^
  File "pandas/_libs/lib.pyx", line 2999, in pandas._libs.lib.map_infer
  File "C:\Users\zeelk\OneDrive\Desktop\Adani\hack-clink\auth-system\ui\optimization_run.py", line 191, in <lambda>
    inv_df["safety_stock"] = inv_df["plant_id"].map(lambda pid: float(data.safety_stock.get(pid, 0.0)))
                                                                      ^^^^^^^^^^^^^^^^^
AttributeError: 'SimpleFeasibleData' object has no attribute 'safety_stock'
2026-01-08 21:42:11,305 | ERROR | Page error: Run Optimization | context={}
Traceback (most recent call last):
  File "C:\Users\zeelk\OneDrive\Desktop\Adani\hack-clink\auth-system\backend\core\error_handler.py", line 33, in _wrapper
    return fn(*args, **kwargs)
  File "C:\Users\zeelk\OneDrive\Desktop\Adani\hack-clink\auth-system\ui\optimization_run.py", line 191, in render_optimization_run
    inv_df["safety_stock"] = inv_df["plant_id"].map(lambda pid: float(data.safety_stock.get(pid, 0.0)))
                             ~~~~~~~~~~~~~~~~~~~~~~^^^^^^^^^^^^^^^^^^^^^^^^^^^^^^^^^^^^^^^^^^^^^^^^^^^^
  File "C:\Users\zeelk\OneDrive\Desktop\Adani\hack-clink\auth-system\.venv\Lib\site-packages\pandas\core\series.py", line 4719, in map
    new_values = self._map_values(arg, na_action=na_action)
  File "C:\Users\zeelk\OneDrive\Desktop\Adani\hack-clink\auth-system\.venv\Lib\site-packages\pandas\core\base.py", line 925, in _map_values
    return algorithms.map_array(arr, mapper, na_action=na_action, convert=convert)
           ~~~~~~~~~~~~~~~~~~~~^^^^^^^^^^^^^^^^^^^^^^^^^^^^^^^^^^^^^^^^^^^^^^^^^^^
  File "C:\Users\zeelk\OneDrive\Desktop\Adani\hack-clink\auth-system\.venv\Lib\site-packages\pandas\core\algorithms.py", line 1743, in map_array
    return lib.map_infer(values, mapper, convert=convert)
           ~~~~~~~~~~~~~^^^^^^^^^^^^^^^^^^^^^^^^^^^^^^^^^
  File "pandas/_libs/lib.pyx", line 2999, in pandas._libs.lib.map_infer
  File "C:\Users\zeelk\OneDrive\Desktop\Adani\hack-clink\auth-system\ui\optimization_run.py", line 191, in <lambda>
    inv_df["safety_stock"] = inv_df["plant_id"].map(lambda pid: float(data.safety_stock.get(pid, 0.0)))
                                                                      ^^^^^^^^^^^^^^^^^
AttributeError: 'SimpleFeasibleData' object has no attribute 'safety_stock'
2026-01-08 21:42:14,827 | ERROR | Page error: Run Optimization | context={}
Traceback (most recent call last):
  File "C:\Users\zeelk\OneDrive\Desktop\Adani\hack-clink\auth-system\backend\core\error_handler.py", line 33, in _wrapper
    return fn(*args, **kwargs)
  File "C:\Users\zeelk\OneDrive\Desktop\Adani\hack-clink\auth-system\ui\optimization_run.py", line 191, in render_optimization_run
    inv_df["safety_stock"] = inv_df["plant_id"].map(lambda pid: float(data.safety_stock.get(pid, 0.0)))
                             ~~~~~~~~~~~~~~~~~~~~~~^^^^^^^^^^^^^^^^^^^^^^^^^^^^^^^^^^^^^^^^^^^^^^^^^^^^
  File "C:\Users\zeelk\OneDrive\Desktop\Adani\hack-clink\auth-system\.venv\Lib\site-packages\pandas\core\series.py", line 4719, in map
    new_values = self._map_values(arg, na_action=na_action)
  File "C:\Users\zeelk\OneDrive\Desktop\Adani\hack-clink\auth-system\.venv\Lib\site-packages\pandas\core\base.py", line 925, in _map_values
    return algorithms.map_array(arr, mapper, na_action=na_action, convert=convert)
           ~~~~~~~~~~~~~~~~~~~~^^^^^^^^^^^^^^^^^^^^^^^^^^^^^^^^^^^^^^^^^^^^^^^^^^^
  File "C:\Users\zeelk\OneDrive\Desktop\Adani\hack-clink\auth-system\.venv\Lib\site-packages\pandas\core\algorithms.py", line 1743, in map_array
    return lib.map_infer(values, mapper, convert=convert)
           ~~~~~~~~~~~~~^^^^^^^^^^^^^^^^^^^^^^^^^^^^^^^^^
  File "pandas/_libs/lib.pyx", line 2999, in pandas._libs.lib.map_infer
  File "C:\Users\zeelk\OneDrive\Desktop\Adani\hack-clink\auth-system\ui\optimization_run.py", line 191, in <lambda>
    inv_df["safety_stock"] = inv_df["plant_id"].map(lambda pid: float(data.safety_stock.get(pid, 0.0)))
                                                                      ^^^^^^^^^^^^^^^^^
AttributeError: 'SimpleFeasibleData' object has no attribute 'safety_stock'
2026-01-08 21:42:15,344 | ERROR | Page error: Run Optimization | context={}
Traceback (most recent call last):
  File "C:\Users\zeelk\OneDrive\Desktop\Adani\hack-clink\auth-system\backend\core\error_handler.py", line 33, in _wrapper
    return fn(*args, **kwargs)
  File "C:\Users\zeelk\OneDrive\Desktop\Adani\hack-clink\auth-system\ui\optimization_run.py", line 191, in render_optimization_run
    inv_df["safety_stock"] = inv_df["plant_id"].map(lambda pid: float(data.safety_stock.get(pid, 0.0)))
                             ~~~~~~~~~~~~~~~~~~~~~~^^^^^^^^^^^^^^^^^^^^^^^^^^^^^^^^^^^^^^^^^^^^^^^^^^^^
  File "C:\Users\zeelk\OneDrive\Desktop\Adani\hack-clink\auth-system\.venv\Lib\site-packages\pandas\core\series.py", line 4719, in map
    new_values = self._map_values(arg, na_action=na_action)
  File "C:\Users\zeelk\OneDrive\Desktop\Adani\hack-clink\auth-system\.venv\Lib\site-packages\pandas\core\base.py", line 925, in _map_values
    return algorithms.map_array(arr, mapper, na_action=na_action, convert=convert)
           ~~~~~~~~~~~~~~~~~~~~^^^^^^^^^^^^^^^^^^^^^^^^^^^^^^^^^^^^^^^^^^^^^^^^^^^
  File "C:\Users\zeelk\OneDrive\Desktop\Adani\hack-clink\auth-system\.venv\Lib\site-packages\pandas\core\algorithms.py", line 1743, in map_array
    return lib.map_infer(values, mapper, convert=convert)
           ~~~~~~~~~~~~~^^^^^^^^^^^^^^^^^^^^^^^^^^^^^^^^^
  File "pandas/_libs/lib.pyx", line 2999, in pandas._libs.lib.map_infer
  File "C:\Users\zeelk\OneDrive\Desktop\Adani\hack-clink\auth-system\ui\optimization_run.py", line 191, in <lambda>
    inv_df["safety_stock"] = inv_df["plant_id"].map(lambda pid: float(data.safety_stock.get(pid, 0.0)))
                                                                      ^^^^^^^^^^^^^^^^^
AttributeError: 'SimpleFeasibleData' object has no attribute 'safety_stock'
2026-01-08 21:54:04,584 | INFO | AUDIT | login_success | {"actor": "xyz123@gmail.com", "role": "Admin"}
2026-01-08 21:54:10,217 | INFO | AUDIT | optimization_success | {"actor": "xyz123@gmail.com", "mode": "deterministic", "requested_solver": "cbc", "solver_used": "cbc", "months": ["2026-02"], "runtime_seconds": 0.06951093673706055}
2026-01-08 22:04:18,887 | INFO | AUDIT | login_success | {"actor": "xyz123@gmail.com", "role": "Admin"}
2026-01-08 22:08:09,187 | ERROR | Page error: Scenario Comparison | context={}
Traceback (most recent call last):
  File "C:\Users\zeelk\OneDrive\Desktop\Adani\hack-clink\auth-system\backend\core\error_handler.py", line 33, in _wrapper
    return fn(*args, **kwargs)
  File "C:\Users\zeelk\OneDrive\Desktop\Adani\hack-clink\auth-system\ui\scenario_comparison.py", line 72, in render_scenario_comparison
    sample_size = st.slider(
        "Number of recent runs to display",
    ...<4 lines>...
        help="Adjust how many of the most recent runs are included in the charts below.",
    )
  File "C:\Users\zeelk\OneDrive\Desktop\Adani\hack-clink\auth-system\.venv\Lib\site-packages\streamlit\runtime\metrics_util.py", line 409, in wrapped_func
    result = non_optional_func(*args, **kwargs)
  File "C:\Users\zeelk\OneDrive\Desktop\Adani\hack-clink\auth-system\.venv\Lib\site-packages\streamlit\elements\widgets\slider.py", line 502, in slider
    return self._slider(
           ~~~~~~~~~~~~^
        label=label,
        ^^^^^^^^^^^^
    ...<12 lines>...
        ctx=ctx,
        ^^^^^^^^
    )
    ^
  File "C:\Users\zeelk\OneDrive\Desktop\Adani\hack-clink\auth-system\.venv\Lib\site-packages\streamlit\elements\widgets\slider.py", line 780, in _slider
    raise StreamlitAPIException(
    ...<2 lines>...
    )
streamlit.errors.StreamlitAPIException: Slider `min_value` must be less than the `max_value`.
The values were 2 and 2.
2026-01-08 22:08:45,832 | INFO | AUDIT | login_success | {"actor": "xyz123@gmail.com", "role": "Admin"}
2026-01-08 22:15:56,742 | ERROR | Page error: Scenario Comparison | context={}
Traceback (most recent call last):
  File "C:\Users\zeelk\OneDrive\Desktop\Adani\hack-clink\auth-system\backend\core\error_handler.py", line 33, in _wrapper
    return fn(*args, **kwargs)
  File "C:\Users\zeelk\OneDrive\Desktop\Adani\hack-clink\auth-system\ui\scenario_comparison.py", line 72, in render_scenario_comparison
    sample_size = st.slider(
        "Number of recent runs to display",
    ...<4 lines>...
        help="Adjust how many of the most recent runs are included in the charts below.",
    )
  File "C:\Users\zeelk\OneDrive\Desktop\Adani\hack-clink\auth-system\.venv\Lib\site-packages\streamlit\runtime\metrics_util.py", line 409, in wrapped_func
    result = non_optional_func(*args, **kwargs)
  File "C:\Users\zeelk\OneDrive\Desktop\Adani\hack-clink\auth-system\.venv\Lib\site-packages\streamlit\elements\widgets\slider.py", line 502, in slider
    return self._slider(
           ~~~~~~~~~~~~^
        label=label,
        ^^^^^^^^^^^^
    ...<12 lines>...
        ctx=ctx,
        ^^^^^^^^
    )
    ^
  File "C:\Users\zeelk\OneDrive\Desktop\Adani\hack-clink\auth-system\.venv\Lib\site-packages\streamlit\elements\widgets\slider.py", line 780, in _slider
    raise StreamlitAPIException(
    ...<2 lines>...
    )
streamlit.errors.StreamlitAPIException: Slider `min_value` must be less than the `max_value`.
The values were 2 and 2.
2026-01-08 22:35:20,543 | INFO | AUDIT | login_success | {"actor": "xyz123@gmail.com", "role": "Admin"}
2026-01-08 22:35:24,769 | ERROR | Page error: Scenario Comparison | context={}
Traceback (most recent call last):
  File "C:\Users\zeelk\OneDrive\Desktop\Adani\hack-clink\auth-system\backend\core\error_handler.py", line 33, in _wrapper
    return fn(*args, **kwargs)
  File "C:\Users\zeelk\OneDrive\Desktop\Adani\hack-clink\auth-system\ui\scenario_comparison.py", line 109, in render_scenario_comparison
    fig_tradeoff = px.scatter(
        df_sample,
    ...<6 lines>...
        labels={"avg_buffer": "Avg buffer (tons)", "objective_value": "Total cost"},
    )
  File "C:\Users\zeelk\OneDrive\Desktop\Adani\hack-clink\auth-system\.venv\Lib\site-packages\plotly\express\_chart_types.py", line 69, in scatter
    return make_figure(args=locals(), constructor=go.Scatter)
  File "C:\Users\zeelk\OneDrive\Desktop\Adani\hack-clink\auth-system\.venv\Lib\site-packages\plotly\express\_core.py", line 2702, in make_figure
    patch, fit_results = make_trace_kwargs(
                         ~~~~~~~~~~~~~~~~~^
        args, trace_spec, group, mapping_labels.copy(), sizeref
        ^^^^^^^^^^^^^^^^^^^^^^^^^^^^^^^^^^^^^^^^^^^^^^^^^^^^^^^
    )
    ^
  File "C:\Users\zeelk\OneDrive\Desktop\Adani\hack-clink\auth-system\.venv\Lib\site-packages\plotly\express\_core.py", line 430, in make_trace_kwargs
    y_out, hover_header, fit_results = trendline_function(
                                       ~~~~~~~~~~~~~~~~~~^
        args["trendline_options"],
        ^^^^^^^^^^^^^^^^^^^^^^^^^^
    ...<5 lines>...
        non_missing.to_numpy(),  # numpy array
        ^^^^^^^^^^^^^^^^^^^^^^^^^^^^^^^^^^^^^^
    )
    ^
  File "C:\Users\zeelk\OneDrive\Desktop\Adani\hack-clink\auth-system\.venv\Lib\site-packages\plotly\express\trendline_functions\__init__.py", line 42, in ols
    import statsmodels.api as sm
ModuleNotFoundError: No module named 'statsmodels'
2026-01-08 22:36:57,674 | INFO | AUDIT | login_success | {"actor": "xyz123@gmail.com", "role": "Admin"}
2026-01-08 22:37:00,560 | ERROR | Page error: Scenario Comparison | context={}
Traceback (most recent call last):
  File "C:\Users\zeelk\OneDrive\Desktop\Adani\hack-clink\auth-system\backend\core\error_handler.py", line 33, in _wrapper
    return fn(*args, **kwargs)
  File "C:\Users\zeelk\OneDrive\Desktop\Adani\hack-clink\auth-system\ui\scenario_comparison.py", line 109, in render_scenario_comparison
    fig_tradeoff = px.scatter(
        df_sample,
    ...<6 lines>...
        labels={"avg_buffer": "Avg buffer (tons)", "objective_value": "Total cost"},
    )
  File "C:\Users\zeelk\OneDrive\Desktop\Adani\hack-clink\auth-system\.venv\Lib\site-packages\plotly\express\_chart_types.py", line 69, in scatter
    return make_figure(args=locals(), constructor=go.Scatter)
  File "C:\Users\zeelk\OneDrive\Desktop\Adani\hack-clink\auth-system\.venv\Lib\site-packages\plotly\express\_core.py", line 2702, in make_figure
    patch, fit_results = make_trace_kwargs(
                         ~~~~~~~~~~~~~~~~~^
        args, trace_spec, group, mapping_labels.copy(), sizeref
        ^^^^^^^^^^^^^^^^^^^^^^^^^^^^^^^^^^^^^^^^^^^^^^^^^^^^^^^
    )
    ^
  File "C:\Users\zeelk\OneDrive\Desktop\Adani\hack-clink\auth-system\.venv\Lib\site-packages\plotly\express\_core.py", line 430, in make_trace_kwargs
    y_out, hover_header, fit_results = trendline_function(
                                       ~~~~~~~~~~~~~~~~~~^
        args["trendline_options"],
        ^^^^^^^^^^^^^^^^^^^^^^^^^^
    ...<5 lines>...
        non_missing.to_numpy(),  # numpy array
        ^^^^^^^^^^^^^^^^^^^^^^^^^^^^^^^^^^^^^^
    )
    ^
  File "C:\Users\zeelk\OneDrive\Desktop\Adani\hack-clink\auth-system\.venv\Lib\site-packages\plotly\express\trendline_functions\__init__.py", line 42, in ols
    import statsmodels.api as sm
ModuleNotFoundError: No module named 'statsmodels'
2026-01-08 22:40:26,431 | ERROR | Page error: Management Insights Dashboard | context={}
Traceback (most recent call last):
  File "C:\Users\zeelk\OneDrive\Desktop\Adani\hack-clink\auth-system\backend\core\error_handler.py", line 33, in _wrapper
    return fn(*args, **kwargs)
  File "C:\Users\zeelk\OneDrive\Desktop\Adani\hack-clink\auth-system\ui\management_dashboard.py", line 122, in render_management_dashboard
    st.metric("Production headroom", f"{components.get('production_headroom', 0.0):.1f}%")
                                       ^^^^^^^^^^^^^^^^^^^^^^^^^^^^^^^^^^^^^^^^^^^^^^^^
TypeError: unsupported format string passed to NoneType.__format__
2026-01-08 22:40:36,730 | ERROR | Page error: Scenario Comparison | context={}
Traceback (most recent call last):
  File "C:\Users\zeelk\OneDrive\Desktop\Adani\hack-clink\auth-system\backend\core\error_handler.py", line 33, in _wrapper
    return fn(*args, **kwargs)
  File "C:\Users\zeelk\OneDrive\Desktop\Adani\hack-clink\auth-system\ui\scenario_comparison.py", line 109, in render_scenario_comparison
    fig_tradeoff = px.scatter(
        df_sample,
    ...<6 lines>...
        labels={"avg_buffer": "Avg buffer (tons)", "objective_value": "Total cost"},
    )
  File "C:\Users\zeelk\OneDrive\Desktop\Adani\hack-clink\auth-system\.venv\Lib\site-packages\plotly\express\_chart_types.py", line 69, in scatter
    return make_figure(args=locals(), constructor=go.Scatter)
  File "C:\Users\zeelk\OneDrive\Desktop\Adani\hack-clink\auth-system\.venv\Lib\site-packages\plotly\express\_core.py", line 2702, in make_figure
    patch, fit_results = make_trace_kwargs(
                         ~~~~~~~~~~~~~~~~~^
        args, trace_spec, group, mapping_labels.copy(), sizeref
        ^^^^^^^^^^^^^^^^^^^^^^^^^^^^^^^^^^^^^^^^^^^^^^^^^^^^^^^
    )
    ^
  File "C:\Users\zeelk\OneDrive\Desktop\Adani\hack-clink\auth-system\.venv\Lib\site-packages\plotly\express\_core.py", line 430, in make_trace_kwargs
    y_out, hover_header, fit_results = trendline_function(
                                       ~~~~~~~~~~~~~~~~~~^
        args["trendline_options"],
        ^^^^^^^^^^^^^^^^^^^^^^^^^^
    ...<5 lines>...
        non_missing.to_numpy(),  # numpy array
        ^^^^^^^^^^^^^^^^^^^^^^^^^^^^^^^^^^^^^^
    )
    ^
  File "C:\Users\zeelk\OneDrive\Desktop\Adani\hack-clink\auth-system\.venv\Lib\site-packages\plotly\express\trendline_functions\__init__.py", line 42, in ols
    import statsmodels.api as sm
ModuleNotFoundError: No module named 'statsmodels'
2026-01-08 22:52:07,582 | INFO | AUDIT | login_success | {"actor": "xyz123@gmail.com", "role": "Admin"}
2026-01-08 23:05:54,636 | INFO | AUDIT | login_success | {"actor": "xyz123@gmail.com", "role": "Admin"}
2026-01-08 23:06:13,449 | ERROR | Page error: Scenario Comparison | context={}
Traceback (most recent call last):
  File "C:\Users\zeelk\OneDrive\Desktop\Adani\hack-clink\auth-system\backend\core\error_handler.py", line 33, in _wrapper
    return fn(*args, **kwargs)
  File "C:\Users\zeelk\OneDrive\Desktop\Adani\hack-clink\auth-system\ui\scenario_comparison.py", line 109, in render_scenario_comparison
    fig_tradeoff = px.scatter(
        df_sample,
    ...<6 lines>...
        labels={"avg_buffer": "Avg buffer (tons)", "objective_value": "Total cost"},
    )
  File "C:\Users\zeelk\OneDrive\Desktop\Adani\hack-clink\auth-system\.venv\Lib\site-packages\plotly\express\_chart_types.py", line 69, in scatter
    return make_figure(args=locals(), constructor=go.Scatter)
  File "C:\Users\zeelk\OneDrive\Desktop\Adani\hack-clink\auth-system\.venv\Lib\site-packages\plotly\express\_core.py", line 2702, in make_figure
    patch, fit_results = make_trace_kwargs(
                         ~~~~~~~~~~~~~~~~~^
        args, trace_spec, group, mapping_labels.copy(), sizeref
        ^^^^^^^^^^^^^^^^^^^^^^^^^^^^^^^^^^^^^^^^^^^^^^^^^^^^^^^
    )
    ^
  File "C:\Users\zeelk\OneDrive\Desktop\Adani\hack-clink\auth-system\.venv\Lib\site-packages\plotly\express\_core.py", line 430, in make_trace_kwargs
    y_out, hover_header, fit_results = trendline_function(
                                       ~~~~~~~~~~~~~~~~~~^
        args["trendline_options"],
        ^^^^^^^^^^^^^^^^^^^^^^^^^^
    ...<5 lines>...
        non_missing.to_numpy(),  # numpy array
        ^^^^^^^^^^^^^^^^^^^^^^^^^^^^^^^^^^^^^^
    )
    ^
  File "C:\Users\zeelk\OneDrive\Desktop\Adani\hack-clink\auth-system\.venv\Lib\site-packages\plotly\express\trendline_functions\__init__.py", line 42, in ols
    import statsmodels.api as sm
ModuleNotFoundError: No module named 'statsmodels'
2026-01-08 23:08:55,773 | INFO | AUDIT | login_success | {"actor": "xyz123@gmail.com", "role": "Admin"}
2026-01-08 23:11:02,743 | ERROR | Page error: Scenario Comparison | context={}
Traceback (most recent call last):
  File "C:\Users\zeelk\OneDrive\Desktop\Adani\hack-clink\auth-system\backend\core\error_handler.py", line 33, in _wrapper
    return fn(*args, **kwargs)
  File "C:\Users\zeelk\OneDrive\Desktop\Adani\hack-clink\auth-system\ui\scenario_comparison.py", line 109, in render_scenario_comparison
    fig_tradeoff = px.scatter(
        df_sample,
    ...<6 lines>...
        labels={"avg_buffer": "Avg buffer (tons)", "objective_value": "Total cost"},
    )
  File "C:\Users\zeelk\OneDrive\Desktop\Adani\hack-clink\auth-system\.venv\Lib\site-packages\plotly\express\_chart_types.py", line 69, in scatter
    return make_figure(args=locals(), constructor=go.Scatter)
  File "C:\Users\zeelk\OneDrive\Desktop\Adani\hack-clink\auth-system\.venv\Lib\site-packages\plotly\express\_core.py", line 2702, in make_figure
    patch, fit_results = make_trace_kwargs(
                         ~~~~~~~~~~~~~~~~~^
        args, trace_spec, group, mapping_labels.copy(), sizeref
        ^^^^^^^^^^^^^^^^^^^^^^^^^^^^^^^^^^^^^^^^^^^^^^^^^^^^^^^
    )
    ^
  File "C:\Users\zeelk\OneDrive\Desktop\Adani\hack-clink\auth-system\.venv\Lib\site-packages\plotly\express\_core.py", line 430, in make_trace_kwargs
    y_out, hover_header, fit_results = trendline_function(
                                       ~~~~~~~~~~~~~~~~~~^
        args["trendline_options"],
        ^^^^^^^^^^^^^^^^^^^^^^^^^^
    ...<5 lines>...
        non_missing.to_numpy(),  # numpy array
        ^^^^^^^^^^^^^^^^^^^^^^^^^^^^^^^^^^^^^^
    )
    ^
  File "C:\Users\zeelk\OneDrive\Desktop\Adani\hack-clink\auth-system\.venv\Lib\site-packages\plotly\express\trendline_functions\__init__.py", line 42, in ols
    import statsmodels.api as sm
ModuleNotFoundError: No module named 'statsmodels'
2026-01-08 23:27:02,825 | ERROR | Page error: Scenario Comparison | context={}
Traceback (most recent call last):
  File "C:\Users\zeelk\OneDrive\Desktop\Adani\hack-clink\auth-system\backend\core\error_handler.py", line 33, in _wrapper
    return fn(*args, **kwargs)
  File "C:\Users\zeelk\OneDrive\Desktop\Adani\hack-clink\auth-system\ui\scenario_comparison.py", line 109, in render_scenario_comparison
    fig_tradeoff = px.scatter(
        df_sample,
    ...<6 lines>...
        labels={"avg_buffer": "Avg buffer (tons)", "objective_value": "Total cost"},
    )
  File "C:\Users\zeelk\OneDrive\Desktop\Adani\hack-clink\auth-system\.venv\Lib\site-packages\plotly\express\_chart_types.py", line 69, in scatter
    return make_figure(args=locals(), constructor=go.Scatter)
  File "C:\Users\zeelk\OneDrive\Desktop\Adani\hack-clink\auth-system\.venv\Lib\site-packages\plotly\express\_core.py", line 2702, in make_figure
    patch, fit_results = make_trace_kwargs(
                         ~~~~~~~~~~~~~~~~~^
        args, trace_spec, group, mapping_labels.copy(), sizeref
        ^^^^^^^^^^^^^^^^^^^^^^^^^^^^^^^^^^^^^^^^^^^^^^^^^^^^^^^
    )
    ^
  File "C:\Users\zeelk\OneDrive\Desktop\Adani\hack-clink\auth-system\.venv\Lib\site-packages\plotly\express\_core.py", line 430, in make_trace_kwargs
    y_out, hover_header, fit_results = trendline_function(
                                       ~~~~~~~~~~~~~~~~~~^
        args["trendline_options"],
        ^^^^^^^^^^^^^^^^^^^^^^^^^^
    ...<5 lines>...
        non_missing.to_numpy(),  # numpy array
        ^^^^^^^^^^^^^^^^^^^^^^^^^^^^^^^^^^^^^^
    )
    ^
  File "C:\Users\zeelk\OneDrive\Desktop\Adani\hack-clink\auth-system\.venv\Lib\site-packages\plotly\express\trendline_functions\__init__.py", line 42, in ols
    import statsmodels.api as sm
ModuleNotFoundError: No module named 'statsmodels'
2026-01-09 00:01:19,239 | INFO | AUDIT | login_success | {"actor": "xyz123@gmail.com", "role": "Admin"}
2026-01-09 00:01:43,402 | ERROR | Page error: Scenario Comparison | context={}
Traceback (most recent call last):
  File "C:\Users\zeelk\OneDrive\Desktop\Adani\hack-clink\auth-system\backend\core\error_handler.py", line 33, in _wrapper
    return fn(*args, **kwargs)
  File "C:\Users\zeelk\OneDrive\Desktop\Adani\hack-clink\auth-system\ui\scenario_comparison.py", line 109, in render_scenario_comparison
    fig_tradeoff = px.scatter(
        df_sample,
    ...<6 lines>...
        labels={"avg_buffer": "Avg buffer (tons)", "objective_value": "Total cost"},
    )
  File "C:\Users\zeelk\OneDrive\Desktop\Adani\hack-clink\auth-system\.venv\Lib\site-packages\plotly\express\_chart_types.py", line 69, in scatter
    return make_figure(args=locals(), constructor=go.Scatter)
  File "C:\Users\zeelk\OneDrive\Desktop\Adani\hack-clink\auth-system\.venv\Lib\site-packages\plotly\express\_core.py", line 2702, in make_figure
    patch, fit_results = make_trace_kwargs(
                         ~~~~~~~~~~~~~~~~~^
        args, trace_spec, group, mapping_labels.copy(), sizeref
        ^^^^^^^^^^^^^^^^^^^^^^^^^^^^^^^^^^^^^^^^^^^^^^^^^^^^^^^
    )
    ^
  File "C:\Users\zeelk\OneDrive\Desktop\Adani\hack-clink\auth-system\.venv\Lib\site-packages\plotly\express\_core.py", line 430, in make_trace_kwargs
    y_out, hover_header, fit_results = trendline_function(
                                       ~~~~~~~~~~~~~~~~~~^
        args["trendline_options"],
        ^^^^^^^^^^^^^^^^^^^^^^^^^^
    ...<5 lines>...
        non_missing.to_numpy(),  # numpy array
        ^^^^^^^^^^^^^^^^^^^^^^^^^^^^^^^^^^^^^^
    )
    ^
  File "C:\Users\zeelk\OneDrive\Desktop\Adani\hack-clink\auth-system\.venv\Lib\site-packages\plotly\express\trendline_functions\__init__.py", line 42, in ols
    import statsmodels.api as sm
ModuleNotFoundError: No module named 'statsmodels'
2026-01-09 00:10:21,465 | INFO | AUDIT | login_success | {"actor": "xyz123@gmail.com", "role": "Admin"}
2026-01-09 00:21:19,572 | INFO | AUDIT | login_success | {"actor": "xyz123@gmail.com", "role": "Admin"}
2026-01-09 00:21:25,259 | ERROR | Page error: Scenario Comparison | context={}
Traceback (most recent call last):
  File "C:\Users\zeelk\OneDrive\Desktop\Adani\hack-clink\auth-system\backend\core\error_handler.py", line 33, in _wrapper
    return fn(*args, **kwargs)
  File "C:\Users\zeelk\OneDrive\Desktop\Adani\hack-clink\auth-system\ui\scenario_comparison.py", line 109, in render_scenario_comparison
    fig_tradeoff = px.scatter(
        df_sample,
    ...<6 lines>...
        labels={"avg_buffer": "Avg buffer (tons)", "objective_value": "Total cost"},
    )
  File "C:\Users\zeelk\OneDrive\Desktop\Adani\hack-clink\auth-system\.venv\Lib\site-packages\plotly\express\_chart_types.py", line 69, in scatter
    return make_figure(args=locals(), constructor=go.Scatter)
  File "C:\Users\zeelk\OneDrive\Desktop\Adani\hack-clink\auth-system\.venv\Lib\site-packages\plotly\express\_core.py", line 2702, in make_figure
    patch, fit_results = make_trace_kwargs(
                         ~~~~~~~~~~~~~~~~~^
        args, trace_spec, group, mapping_labels.copy(), sizeref
        ^^^^^^^^^^^^^^^^^^^^^^^^^^^^^^^^^^^^^^^^^^^^^^^^^^^^^^^
    )
    ^
  File "C:\Users\zeelk\OneDrive\Desktop\Adani\hack-clink\auth-system\.venv\Lib\site-packages\plotly\express\_core.py", line 430, in make_trace_kwargs
    y_out, hover_header, fit_results = trendline_function(
                                       ~~~~~~~~~~~~~~~~~~^
        args["trendline_options"],
        ^^^^^^^^^^^^^^^^^^^^^^^^^^
    ...<5 lines>...
        non_missing.to_numpy(),  # numpy array
        ^^^^^^^^^^^^^^^^^^^^^^^^^^^^^^^^^^^^^^
    )
    ^
  File "C:\Users\zeelk\OneDrive\Desktop\Adani\hack-clink\auth-system\.venv\Lib\site-packages\plotly\express\trendline_functions\__init__.py", line 42, in ols
    import statsmodels.api as sm
ModuleNotFoundError: No module named 'statsmodels'
2026-01-09 00:23:57,576 | INFO | AUDIT | login_success | {"actor": "xyz123@gmail.com", "role": "Admin"}
2026-01-09 00:29:46,374 | INFO | AUDIT | login_success | {"actor": "xyz123@gmail.com", "role": "Admin"}
2026-01-09 00:34:12,820 | INFO | AUDIT | login_success | {"actor": "xyz123@gmail.com", "role": "Admin"}
2026-01-09 01:09:58,776 | INFO | AUDIT | login_success | {"actor": "krishnaparidwal98@gmail.com", "role": "Admin"}
2026-01-09 01:10:24,554 | ERROR | Page error: Demand Uncertainty Analysis | context={}
Traceback (most recent call last):
  File "C:\Users\Admin\Downloads\z_clink2\OR-Adani\backend\core\error_handler.py", line 33, in _wrapper
    return fn(*args, **kwargs)
  File "C:\Users\Admin\Downloads\z_clink2\OR-Adani\ui\demand_uncertainty_ui.py", line 94, in render_demand_uncertainty_analysis
    display_analysis_results()
    ~~~~~~~~~~~~~~~~~~~~~~~~^^
  File "C:\Users\Admin\Downloads\z_clink2\OR-Adani\ui\demand_uncertainty_ui.py", line 181, in display_analysis_results
    display_summary_view(comparison, scenarios)
    ~~~~~~~~~~~~~~~~~~~~^^^^^^^^^^^^^^^^^^^^^^^
  File "C:\Users\Admin\Downloads\z_clink2\OR-Adani\ui\demand_uncertainty_ui.py", line 266, in display_summary_view
    f"{diffs['unmet_demand_diff']:+,.0f}",
       ~~~~~^^^^^^^^^^^^^^^^^^^^^
KeyError: 'unmet_demand_diff'
2026-01-09 01:10:35,989 | ERROR | Page error: Demand Uncertainty Analysis | context={}
Traceback (most recent call last):
  File "C:\Users\Admin\Downloads\z_clink2\OR-Adani\backend\core\error_handler.py", line 33, in _wrapper
    return fn(*args, **kwargs)
  File "C:\Users\Admin\Downloads\z_clink2\OR-Adani\ui\demand_uncertainty_ui.py", line 94, in render_demand_uncertainty_analysis
    display_analysis_results()
    ~~~~~~~~~~~~~~~~~~~~~~~~^^
  File "C:\Users\Admin\Downloads\z_clink2\OR-Adani\ui\demand_uncertainty_ui.py", line 181, in display_analysis_results
    display_summary_view(comparison, scenarios)
    ~~~~~~~~~~~~~~~~~~~~^^^^^^^^^^^^^^^^^^^^^^^
  File "C:\Users\Admin\Downloads\z_clink2\OR-Adani\ui\demand_uncertainty_ui.py", line 266, in display_summary_view
    f"{diffs['unmet_demand_diff']:+,.0f}",
       ~~~~~^^^^^^^^^^^^^^^^^^^^^
KeyError: 'unmet_demand_diff'
2026-01-09 01:10:37,115 | ERROR | Page error: Demand Uncertainty Analysis | context={}
Traceback (most recent call last):
  File "C:\Users\Admin\Downloads\z_clink2\OR-Adani\backend\core\error_handler.py", line 33, in _wrapper
    return fn(*args, **kwargs)
  File "C:\Users\Admin\Downloads\z_clink2\OR-Adani\ui\demand_uncertainty_ui.py", line 94, in render_demand_uncertainty_analysis
    display_analysis_results()
    ~~~~~~~~~~~~~~~~~~~~~~~~^^
  File "C:\Users\Admin\Downloads\z_clink2\OR-Adani\ui\demand_uncertainty_ui.py", line 181, in display_analysis_results
    display_summary_view(comparison, scenarios)
    ~~~~~~~~~~~~~~~~~~~~^^^^^^^^^^^^^^^^^^^^^^^
  File "C:\Users\Admin\Downloads\z_clink2\OR-Adani\ui\demand_uncertainty_ui.py", line 266, in display_summary_view
    f"{diffs['unmet_demand_diff']:+,.0f}",
       ~~~~~^^^^^^^^^^^^^^^^^^^^^
KeyError: 'unmet_demand_diff'
2026-01-09 01:23:33,008 | INFO | AUDIT | login_success | {"actor": "krishnaparidwal98@gmail.com", "role": "Admin"}
2026-01-09 01:23:44,919 | ERROR | Page error: Demand Uncertainty Analysis | context={}
Traceback (most recent call last):
  File "C:\Users\Admin\Downloads\z_clink2\OR-Adani\backend\core\error_handler.py", line 33, in _wrapper
    return fn(*args, **kwargs)
  File "C:\Users\Admin\Downloads\z_clink2\OR-Adani\ui\demand_uncertainty_ui.py", line 94, in render_demand_uncertainty_analysis
    display_analysis_results()
    ~~~~~~~~~~~~~~~~~~~~~~~~^^
  File "C:\Users\Admin\Downloads\z_clink2\OR-Adani\ui\demand_uncertainty_ui.py", line 190, in display_analysis_results
    display_visualizations(plots)
    ~~~~~~~~~~~~~~~~~~~~~~^^^^^^^
  File "C:\Users\Admin\Downloads\z_clink2\OR-Adani\ui\demand_uncertainty_ui.py", line 499, in display_visualizations
    st.plotly_chart(fig, use_container_width=True)
    ~~~~~~~~~~~~~~~^^^^^^^^^^^^^^^^^^^^^^^^^^^^^^^
  File "C:\Users\Admin\Downloads\z_clink2\OR-Adani\.venv\Lib\site-packages\streamlit\runtime\metrics_util.py", line 409, in wrapped_func
    result = non_optional_func(*args, **kwargs)
  File "C:\Users\Admin\Downloads\z_clink2\OR-Adani\.venv\Lib\site-packages\streamlit\elements\plotly_chart.py", line 510, in plotly_chart
    plotly_chart_proto.id = compute_and_register_element_id(
                            ~~~~~~~~~~~~~~~~~~~~~~~~~~~~~~~^
        "plotly_chart",
        ^^^^^^^^^^^^^^^
    ...<7 lines>...
        use_container_width=use_container_width,
        ^^^^^^^^^^^^^^^^^^^^^^^^^^^^^^^^^^^^^^^^
    )
    ^
  File "C:\Users\Admin\Downloads\z_clink2\OR-Adani\.venv\Lib\site-packages\streamlit\elements\lib\utils.py", line 226, in compute_and_register_element_id
    _register_element_id(ctx, element_type, element_id)
    ~~~~~~~~~~~~~~~~~~~~^^^^^^^^^^^^^^^^^^^^^^^^^^^^^^^
  File "C:\Users\Admin\Downloads\z_clink2\OR-Adani\.venv\Lib\site-packages\streamlit\elements\lib\utils.py", line 132, in _register_element_id
    raise StreamlitDuplicateElementId(element_type)
streamlit.errors.StreamlitDuplicateElementId: There are multiple `plotly_chart` elements with the same auto-generated ID. When this element is created, it is assigned an internal ID based on the element type and provided parameters. Multiple elements with the same type and parameters will cause this error.

To fix this error, please pass a unique `key` argument to the `plotly_chart` element.
2026-01-09 01:30:44,409 | ERROR | Page error: Demand Uncertainty Analysis | context={}
Traceback (most recent call last):
  File "C:\Users\Admin\Downloads\z_clink2\OR-Adani\backend\core\error_handler.py", line 33, in _wrapper
    return fn(*args, **kwargs)
  File "C:\Users\Admin\Downloads\z_clink2\OR-Adani\ui\demand_uncertainty_ui.py", line 94, in render_demand_uncertainty_analysis
    display_analysis_results()
    ~~~~~~~~~~~~~~~~~~~~~~~~^^
  File "C:\Users\Admin\Downloads\z_clink2\OR-Adani\ui\demand_uncertainty_ui.py", line 190, in display_analysis_results
    display_visualizations(plots)
    ~~~~~~~~~~~~~~~~~~~~~~^^^^^^^
  File "C:\Users\Admin\Downloads\z_clink2\OR-Adani\ui\demand_uncertainty_ui.py", line 499, in display_visualizations
    st.plotly_chart(fig, use_container_width=True)
    ~~~~~~~~~~~~~~~^^^^^^^^^^^^^^^^^^^^^^^^^^^^^^^
  File "C:\Users\Admin\Downloads\z_clink2\OR-Adani\.venv\Lib\site-packages\streamlit\runtime\metrics_util.py", line 409, in wrapped_func
    result = non_optional_func(*args, **kwargs)
  File "C:\Users\Admin\Downloads\z_clink2\OR-Adani\.venv\Lib\site-packages\streamlit\elements\plotly_chart.py", line 510, in plotly_chart
    plotly_chart_proto.id = compute_and_register_element_id(
                            ~~~~~~~~~~~~~~~~~~~~~~~~~~~~~~~^
        "plotly_chart",
        ^^^^^^^^^^^^^^^
    ...<7 lines>...
        use_container_width=use_container_width,
        ^^^^^^^^^^^^^^^^^^^^^^^^^^^^^^^^^^^^^^^^
    )
    ^
  File "C:\Users\Admin\Downloads\z_clink2\OR-Adani\.venv\Lib\site-packages\streamlit\elements\lib\utils.py", line 226, in compute_and_register_element_id
    _register_element_id(ctx, element_type, element_id)
    ~~~~~~~~~~~~~~~~~~~~^^^^^^^^^^^^^^^^^^^^^^^^^^^^^^^
  File "C:\Users\Admin\Downloads\z_clink2\OR-Adani\.venv\Lib\site-packages\streamlit\elements\lib\utils.py", line 132, in _register_element_id
    raise StreamlitDuplicateElementId(element_type)
streamlit.errors.StreamlitDuplicateElementId: There are multiple `plotly_chart` elements with the same auto-generated ID. When this element is created, it is assigned an internal ID based on the element type and provided parameters. Multiple elements with the same type and parameters will cause this error.

To fix this error, please pass a unique `key` argument to the `plotly_chart` element.
2026-01-09 01:34:47,003 | INFO | AUDIT | login_success | {"actor": "krishnaparidwal98@gmail.com", "role": "Admin"}
2026-01-09 01:38:27,645 | ERROR | Page error: Management Insights Dashboard | context={}
Traceback (most recent call last):
  File "C:\Users\Admin\Downloads\z_clink2\OR-Adani\backend\core\error_handler.py", line 33, in _wrapper
    return fn(*args, **kwargs)
  File "C:\Users\Admin\Downloads\z_clink2\OR-Adani\ui\management_dashboard.py", line 122, in render_management_dashboard
    st.metric("Production headroom", f"{components.get('production_headroom', 0.0):.1f}%")
                                       ^^^^^^^^^^^^^^^^^^^^^^^^^^^^^^^^^^^^^^^^^^^^^^^^
TypeError: unsupported format string passed to NoneType.__format__
2026-01-09 01:38:32,255 | ERROR | Page error: Management Insights Dashboard | context={}
Traceback (most recent call last):
  File "C:\Users\Admin\Downloads\z_clink2\OR-Adani\backend\core\error_handler.py", line 33, in _wrapper
    return fn(*args, **kwargs)
  File "C:\Users\Admin\Downloads\z_clink2\OR-Adani\ui\management_dashboard.py", line 122, in render_management_dashboard
    st.metric("Production headroom", f"{components.get('production_headroom', 0.0):.1f}%")
                                       ^^^^^^^^^^^^^^^^^^^^^^^^^^^^^^^^^^^^^^^^^^^^^^^^
TypeError: unsupported format string passed to NoneType.__format__
2026-01-09 01:38:33,334 | ERROR | Page error: Management Insights Dashboard | context={}
Traceback (most recent call last):
  File "C:\Users\Admin\Downloads\z_clink2\OR-Adani\backend\core\error_handler.py", line 33, in _wrapper
    return fn(*args, **kwargs)
  File "C:\Users\Admin\Downloads\z_clink2\OR-Adani\ui\management_dashboard.py", line 122, in render_management_dashboard
    st.metric("Production headroom", f"{components.get('production_headroom', 0.0):.1f}%")
                                       ^^^^^^^^^^^^^^^^^^^^^^^^^^^^^^^^^^^^^^^^^^^^^^^^
TypeError: unsupported format string passed to NoneType.__format__
2026-01-09 01:38:50,987 | INFO | AUDIT | optimization_success | {"actor": "krishnaparidwal98@gmail.com", "mode": "deterministic", "requested_solver": "cbc", "solver_used": "cbc", "months": ["2025-09"], "runtime_seconds": 0.09398913383483887}
2026-01-09 01:38:50,990 | ERROR | Page error: Run Optimization | context={}
Traceback (most recent call last):
  File "C:\Users\Admin\Downloads\z_clink2\OR-Adani\backend\core\error_handler.py", line 33, in _wrapper
    return fn(*args, **kwargs)
  File "C:\Users\Admin\Downloads\z_clink2\OR-Adani\ui\optimization_run.py", line 255, in render_optimization_run
    cost_df = pd.DataFrame([
              ^^
NameError: name 'pd' is not defined. Did you mean: 'id'?
2026-01-09 01:45:50,005 | INFO | AUDIT | login_success | {"actor": "krishnaparidwal98@gmail.com", "role": "Admin"}
2026-01-09 01:47:10,052 | ERROR | Page error: Management Insights Dashboard | context={}
Traceback (most recent call last):
  File "C:\Users\Admin\Downloads\z_clink2\OR-Adani\backend\core\error_handler.py", line 33, in _wrapper
    return fn(*args, **kwargs)
  File "C:\Users\Admin\Downloads\z_clink2\OR-Adani\ui\management_dashboard.py", line 122, in render_management_dashboard
    st.metric("Production headroom", f"{components.get('production_headroom', 0.0):.1f}%")
                                       ^^^^^^^^^^^^^^^^^^^^^^^^^^^^^^^^^^^^^^^^^^^^^^^^
TypeError: unsupported format string passed to NoneType.__format__
2026-01-09 01:47:11,989 | ERROR | Page error: Management Insights Dashboard | context={}
Traceback (most recent call last):
  File "C:\Users\Admin\Downloads\z_clink2\OR-Adani\backend\core\error_handler.py", line 33, in _wrapper
    return fn(*args, **kwargs)
  File "C:\Users\Admin\Downloads\z_clink2\OR-Adani\ui\management_dashboard.py", line 122, in render_management_dashboard
    st.metric("Production headroom", f"{components.get('production_headroom', 0.0):.1f}%")
                                       ^^^^^^^^^^^^^^^^^^^^^^^^^^^^^^^^^^^^^^^^^^^^^^^^
TypeError: unsupported format string passed to NoneType.__format__
2026-01-09 01:47:34,220 | INFO | AUDIT | optimization_success | {"actor": "krishnaparidwal98@gmail.com", "mode": "deterministic", "requested_solver": "cbc", "solver_used": "cbc", "months": ["2025-09"], "runtime_seconds": 0.20273303985595703}
2026-01-09 01:47:34,230 | ERROR | Page error: Run Optimization | context={}
Traceback (most recent call last):
  File "C:\Users\Admin\Downloads\z_clink2\OR-Adani\backend\core\error_handler.py", line 33, in _wrapper
    return fn(*args, **kwargs)
  File "C:\Users\Admin\Downloads\z_clink2\OR-Adani\ui\optimization_run.py", line 255, in render_optimization_run
    cost_df = pd.DataFrame([
              ^^
NameError: name 'pd' is not defined. Did you mean: 'id'?
2026-01-09 01:47:51,063 | INFO | AUDIT | optimization_success | {"actor": "krishnaparidwal98@gmail.com", "mode": "deterministic", "requested_solver": "cbc", "solver_used": "cbc", "months": ["2025-09"], "runtime_seconds": 0.1627655029296875}
2026-01-09 01:47:51,073 | ERROR | Page error: Run Optimization | context={}
Traceback (most recent call last):
  File "C:\Users\Admin\Downloads\z_clink2\OR-Adani\backend\core\error_handler.py", line 33, in _wrapper
    return fn(*args, **kwargs)
  File "C:\Users\Admin\Downloads\z_clink2\OR-Adani\ui\optimization_run.py", line 255, in render_optimization_run
    cost_df = pd.DataFrame([
              ^^
NameError: name 'pd' is not defined. Did you mean: 'id'?
2026-01-09 01:48:08,689 | ERROR | Page error: Scenario Comparison | context={}
Traceback (most recent call last):
  File "C:\Users\Admin\Downloads\z_clink2\OR-Adani\backend\core\error_handler.py", line 33, in _wrapper
    return fn(*args, **kwargs)
  File "C:\Users\Admin\Downloads\z_clink2\OR-Adani\ui\scenario_comparison.py", line 109, in render_scenario_comparison
    fig_tradeoff = px.scatter(
        df_sample,
    ...<6 lines>...
        labels={"avg_buffer": "Avg buffer (tons)", "objective_value": "Total cost"},
    )
  File "C:\Users\Admin\Downloads\z_clink2\OR-Adani\.venv\Lib\site-packages\plotly\express\_chart_types.py", line 69, in scatter
    return make_figure(args=locals(), constructor=go.Scatter)
  File "C:\Users\Admin\Downloads\z_clink2\OR-Adani\.venv\Lib\site-packages\plotly\express\_core.py", line 2702, in make_figure
    patch, fit_results = make_trace_kwargs(
                         ~~~~~~~~~~~~~~~~~^
        args, trace_spec, group, mapping_labels.copy(), sizeref
        ^^^^^^^^^^^^^^^^^^^^^^^^^^^^^^^^^^^^^^^^^^^^^^^^^^^^^^^
    )
    ^
  File "C:\Users\Admin\Downloads\z_clink2\OR-Adani\.venv\Lib\site-packages\plotly\express\_core.py", line 430, in make_trace_kwargs
    y_out, hover_header, fit_results = trendline_function(
                                       ~~~~~~~~~~~~~~~~~~^
        args["trendline_options"],
        ^^^^^^^^^^^^^^^^^^^^^^^^^^
    ...<5 lines>...
        non_missing.to_numpy(),  # numpy array
        ^^^^^^^^^^^^^^^^^^^^^^^^^^^^^^^^^^^^^^
    )
    ^
  File "C:\Users\Admin\Downloads\z_clink2\OR-Adani\.venv\Lib\site-packages\plotly\express\trendline_functions\__init__.py", line 64, in ols
    fit_results = sm.OLS(y, x, missing="drop").fit()
                  ~~~~~~^^^^^^^^^^^^^^^^^^^^^^
TypeError: patch_statsmodels.<locals>.MockStatsmodelsAPI.OLS.__init__() got an unexpected keyword argument 'missing'
2026-01-09 01:48:40,935 | ERROR | Page error: Scenario Comparison | context={}
Traceback (most recent call last):
  File "C:\Users\Admin\Downloads\z_clink2\OR-Adani\backend\core\error_handler.py", line 33, in _wrapper
    return fn(*args, **kwargs)
  File "C:\Users\Admin\Downloads\z_clink2\OR-Adani\ui\scenario_comparison.py", line 109, in render_scenario_comparison
    fig_tradeoff = px.scatter(
        df_sample,
    ...<6 lines>...
        labels={"avg_buffer": "Avg buffer (tons)", "objective_value": "Total cost"},
    )
  File "C:\Users\Admin\Downloads\z_clink2\OR-Adani\.venv\Lib\site-packages\plotly\express\_chart_types.py", line 69, in scatter
    return make_figure(args=locals(), constructor=go.Scatter)
  File "C:\Users\Admin\Downloads\z_clink2\OR-Adani\.venv\Lib\site-packages\plotly\express\_core.py", line 2702, in make_figure
    patch, fit_results = make_trace_kwargs(
                         ~~~~~~~~~~~~~~~~~^
        args, trace_spec, group, mapping_labels.copy(), sizeref
        ^^^^^^^^^^^^^^^^^^^^^^^^^^^^^^^^^^^^^^^^^^^^^^^^^^^^^^^
    )
    ^
  File "C:\Users\Admin\Downloads\z_clink2\OR-Adani\.venv\Lib\site-packages\plotly\express\_core.py", line 430, in make_trace_kwargs
    y_out, hover_header, fit_results = trendline_function(
                                       ~~~~~~~~~~~~~~~~~~^
        args["trendline_options"],
        ^^^^^^^^^^^^^^^^^^^^^^^^^^
    ...<5 lines>...
        non_missing.to_numpy(),  # numpy array
        ^^^^^^^^^^^^^^^^^^^^^^^^^^^^^^^^^^^^^^
    )
    ^
  File "C:\Users\Admin\Downloads\z_clink2\OR-Adani\.venv\Lib\site-packages\plotly\express\trendline_functions\__init__.py", line 64, in ols
    fit_results = sm.OLS(y, x, missing="drop").fit()
                  ~~~~~~^^^^^^^^^^^^^^^^^^^^^^
TypeError: patch_statsmodels.<locals>.MockStatsmodelsAPI.OLS.__init__() got an unexpected keyword argument 'missing'
2026-01-09 01:48:56,574 | ERROR | Page error: Scenario Comparison | context={}
Traceback (most recent call last):
  File "C:\Users\Admin\Downloads\z_clink2\OR-Adani\backend\core\error_handler.py", line 33, in _wrapper
    return fn(*args, **kwargs)
  File "C:\Users\Admin\Downloads\z_clink2\OR-Adani\ui\scenario_comparison.py", line 109, in render_scenario_comparison
    fig_tradeoff = px.scatter(
        df_sample,
    ...<6 lines>...
        labels={"avg_buffer": "Avg buffer (tons)", "objective_value": "Total cost"},
    )
  File "C:\Users\Admin\Downloads\z_clink2\OR-Adani\.venv\Lib\site-packages\plotly\express\_chart_types.py", line 69, in scatter
    return make_figure(args=locals(), constructor=go.Scatter)
  File "C:\Users\Admin\Downloads\z_clink2\OR-Adani\.venv\Lib\site-packages\plotly\express\_core.py", line 2702, in make_figure
    patch, fit_results = make_trace_kwargs(
                         ~~~~~~~~~~~~~~~~~^
        args, trace_spec, group, mapping_labels.copy(), sizeref
        ^^^^^^^^^^^^^^^^^^^^^^^^^^^^^^^^^^^^^^^^^^^^^^^^^^^^^^^
    )
    ^
  File "C:\Users\Admin\Downloads\z_clink2\OR-Adani\.venv\Lib\site-packages\plotly\express\_core.py", line 430, in make_trace_kwargs
    y_out, hover_header, fit_results = trendline_function(
                                       ~~~~~~~~~~~~~~~~~~^
        args["trendline_options"],
        ^^^^^^^^^^^^^^^^^^^^^^^^^^
    ...<5 lines>...
        non_missing.to_numpy(),  # numpy array
        ^^^^^^^^^^^^^^^^^^^^^^^^^^^^^^^^^^^^^^
    )
    ^
  File "C:\Users\Admin\Downloads\z_clink2\OR-Adani\.venv\Lib\site-packages\plotly\express\trendline_functions\__init__.py", line 64, in ols
    fit_results = sm.OLS(y, x, missing="drop").fit()
                  ~~~~~~^^^^^^^^^^^^^^^^^^^^^^
TypeError: patch_statsmodels.<locals>.MockStatsmodelsAPI.OLS.__init__() got an unexpected keyword argument 'missing'
2026-01-09 01:49:21,618 | ERROR | Page error: Management Insights Dashboard | context={}
Traceback (most recent call last):
  File "C:\Users\Admin\Downloads\z_clink2\OR-Adani\backend\core\error_handler.py", line 33, in _wrapper
    return fn(*args, **kwargs)
  File "C:\Users\Admin\Downloads\z_clink2\OR-Adani\ui\management_dashboard.py", line 122, in render_management_dashboard
    st.metric("Production headroom", f"{components.get('production_headroom', 0.0):.1f}%")
                                       ^^^^^^^^^^^^^^^^^^^^^^^^^^^^^^^^^^^^^^^^^^^^^^^^
TypeError: unsupported format string passed to NoneType.__format__
2026-01-09 01:49:30,632 | ERROR | Page error: Management Insights Dashboard | context={}
Traceback (most recent call last):
  File "C:\Users\Admin\Downloads\z_clink2\OR-Adani\backend\core\error_handler.py", line 33, in _wrapper
    return fn(*args, **kwargs)
  File "C:\Users\Admin\Downloads\z_clink2\OR-Adani\ui\management_dashboard.py", line 122, in render_management_dashboard
    st.metric("Production headroom", f"{components.get('production_headroom', 0.0):.1f}%")
                                       ^^^^^^^^^^^^^^^^^^^^^^^^^^^^^^^^^^^^^^^^^^^^^^^^
TypeError: unsupported format string passed to NoneType.__format__
